# JRE version: Java(TM) SE Runtime Environment (8.0_121-b13) (build 1.8.0_121-b13)
# Java VM: Java HotSpot(TM) 64-Bit Server VM (25.121-b13 mixed mode windows-amd64 compressed oops)
Heap:
 PSYoungGen      total 146944K, used 43033K [0x00000000f5580000, 0x0000000100000000, 0x0000000100000000)
  eden space 119296K, 12% used [0x00000000f5580000,0x00000000f648a788,0x00000000fca00000)
  from space 27648K, 99% used [0x00000000fca00000,0x00000000fe4fc030,0x00000000fe500000)
  to   space 27648K, 0% used [0x00000000fe500000,0x00000000fe500000,0x0000000100000000)
 ParOldGen       total 235520K, used 59848K [0x00000000e0000000, 0x00000000ee600000, 0x00000000f5580000)
  object space 235520K, 25% used [0x00000000e0000000,0x00000000e3a72260,0x00000000ee600000)
 Metaspace       used 66569K, capacity 70428K, committed 70616K, reserved 1110016K
  class space    used 9200K, capacity 10180K, committed 10200K, reserved 1048576K
GC Heap History (10 events):
Event: 76.562 GC heap before
{Heap before GC invocations=12 (full 2):
 PSYoungGen      total 160768K, used 102553K [0x00000000f5580000, 0x0000000100000000, 0x0000000100000000)
  eden space 146944K, 60% used [0x00000000f5580000,0x00000000fac2d118,0x00000000fe500000)
  from space 13824K, 99% used [0x00000000fe500000,0x00000000ff279330,0x00000000ff280000)
  to   space 13824K, 0% used [0x00000000ff280000,0x00000000ff280000,0x0000000100000000)
 ParOldGen       total 175104K, used 25563K [0x00000000e0000000, 0x00000000eab00000, 0x00000000f5580000)
  object space 175104K, 14% used [0x00000000e0000000,0x00000000e18f6fd8,0x00000000eab00000)
 Metaspace       used 56622K, capacity 58842K, committed 58968K, reserved 1099776K
  class space    used 7803K, capacity 8459K, committed 8536K, reserved 1048576K
Event: 76.639 GC heap after
Heap after GC invocations=12 (full 2):
 PSYoungGen      total 142336K, used 13816K [0x00000000f5580000, 0x0000000100000000, 0x0000000100000000)
  eden space 128512K, 0% used [0x00000000f5580000,0x00000000f5580000,0x00000000fd300000)
  from space 13824K, 99% used [0x00000000ff280000,0x00000000ffffe2d8,0x0000000100000000)
  to   space 23040K, 0% used [0x00000000fd300000,0x00000000fd300000,0x00000000fe980000)
 ParOldGen       total 175104K, used 35961K [0x00000000e0000000, 0x00000000eab00000, 0x00000000f5580000)
  object space 175104K, 20% used [0x00000000e0000000,0x00000000e231e708,0x00000000eab00000)
 Metaspace       used 56622K, capacity 58842K, committed 58968K, reserved 1099776K
  class space    used 7803K, capacity 8459K, committed 8536K, reserved 1048576K
}
Event: 76.639 GC heap before
{Heap before GC invocations=13 (full 3):
 PSYoungGen      total 142336K, used 13816K [0x00000000f5580000, 0x0000000100000000, 0x0000000100000000)
  eden space 128512K, 0% used [0x00000000f5580000,0x00000000f5580000,0x00000000fd300000)
  from space 13824K, 99% used [0x00000000ff280000,0x00000000ffffe2d8,0x0000000100000000)
  to   space 23040K, 0% used [0x00000000fd300000,0x00000000fd300000,0x00000000fe980000)
 ParOldGen       total 175104K, used 35961K [0x00000000e0000000, 0x00000000eab00000, 0x00000000f5580000)
  object space 175104K, 20% used [0x00000000e0000000,0x00000000e231e708,0x00000000eab00000)
 Metaspace       used 56622K, capacity 58842K, committed 58968K, reserved 1099776K
  class space    used 7803K, capacity 8459K, committed 8536K, reserved 1048576K
Event: 77.188 GC heap after
Heap after GC invocations=13 (full 3):
 PSYoungGen      total 142336K, used 0K [0x00000000f5580000, 0x0000000100000000, 0x0000000100000000)
  eden space 128512K, 0% used [0x00000000f5580000,0x00000000f5580000,0x00000000fd300000)
  from space 13824K, 0% used [0x00000000ff280000,0x00000000ff280000,0x0000000100000000)
  to   space 23040K, 0% used [0x00000000fd300000,0x00000000fd300000,0x00000000fe980000)
 ParOldGen       total 235520K, used 40954K [0x00000000e0000000, 0x00000000ee600000, 0x00000000f5580000)
  object space 235520K, 17% used [0x00000000e0000000,0x00000000e27feb88,0x00000000ee600000)
 Metaspace       used 56622K, capacity 58842K, committed 58968K, reserved 1099776K
  class space    used 7803K, capacity 8459K, committed 8536K, reserved 1048576K
}
Event: 118.782 GC heap before
{Heap before GC invocations=14 (full 3):
 PSYoungGen      total 142336K, used 128512K [0x00000000f5580000, 0x0000000100000000, 0x0000000100000000)
  eden space 128512K, 100% used [0x00000000f5580000,0x00000000fd300000,0x00000000fd300000)
  from space 13824K, 0% used [0x00000000ff280000,0x00000000ff280000,0x0000000100000000)
  to   space 23040K, 0% used [0x00000000fd300000,0x00000000fd300000,0x00000000fe980000)
 ParOldGen       total 235520K, used 40954K [0x00000000e0000000, 0x00000000ee600000, 0x00000000f5580000)
  object space 235520K, 17% used [0x00000000e0000000,0x00000000e27feb88,0x00000000ee600000)
 Metaspace       used 61408K, capacity 64354K, committed 64472K, reserved 1103872K
  class space    used 8543K, capacity 9385K, committed 9432K, reserved 1048576K
Event: 118.817 GC heap after
Heap after GC invocations=14 (full 3):
 PSYoungGen      total 151552K, used 15082K [0x00000000f5580000, 0x0000000100000000, 0x0000000100000000)
  eden space 128512K, 0% used [0x00000000f5580000,0x00000000f5580000,0x00000000fd300000)
  from space 23040K, 65% used [0x00000000fd300000,0x00000000fe1bab28,0x00000000fe980000)
  to   space 23040K, 0% used [0x00000000fe980000,0x00000000fe980000,0x0000000100000000)
 ParOldGen       total 235520K, used 40962K [0x00000000e0000000, 0x00000000ee600000, 0x00000000f5580000)
  object space 235520K, 17% used [0x00000000e0000000,0x00000000e2800b88,0x00000000ee600000)
 Metaspace       used 61408K, capacity 64354K, committed 64472K, reserved 1103872K
  class space    used 8543K, capacity 9385K, committed 9432K, reserved 1048576K
}
Event: 138.325 GC heap before
{Heap before GC invocations=15 (full 3):
 PSYoungGen      total 151552K, used 143594K [0x00000000f5580000, 0x0000000100000000, 0x0000000100000000)
  eden space 128512K, 100% used [0x00000000f5580000,0x00000000fd300000,0x00000000fd300000)
  from space 23040K, 65% used [0x00000000fd300000,0x00000000fe1bab28,0x00000000fe980000)
  to   space 23040K, 0% used [0x00000000fe980000,0x00000000fe980000,0x0000000100000000)
 ParOldGen       total 235520K, used 40962K [0x00000000e0000000, 0x00000000ee600000, 0x00000000f5580000)
  object space 235520K, 17% used [0x00000000e0000000,0x00000000e2800b88,0x00000000ee600000)
 Metaspace       used 64202K, capacity 67688K, committed 67800K, reserved 1107968K
  class space    used 8880K, capacity 9836K, committed 9944K, reserved 1048576K
Event: 138.376 GC heap after
Heap after GC invocations=15 (full 3):
 PSYoungGen      total 142336K, used 23025K [0x00000000f5580000, 0x0000000100000000, 0x0000000100000000)
  eden space 119296K, 0% used [0x00000000f5580000,0x00000000f5580000,0x00000000fca00000)
  from space 23040K, 99% used [0x00000000fe980000,0x00000000ffffc4c0,0x0000000100000000)
  to   space 27648K, 0% used [0x00000000fca00000,0x00000000fca00000,0x00000000fe500000)
 ParOldGen       total 235520K, used 46365K [0x00000000e0000000, 0x00000000ee600000, 0x00000000f5580000)
  object space 235520K, 19% used [0x00000000e0000000,0x00000000e2d476e8,0x00000000ee600000)
 Metaspace       used 64202K, capacity 67688K, committed 67800K, reserved 1107968K
  class space    used 8880K, capacity 9836K, committed 9944K, reserved 1048576K
}
Event: 176.795 GC heap before
{Heap before GC invocations=16 (full 3):
 PSYoungGen      total 142336K, used 142321K [0x00000000f5580000, 0x0000000100000000, 0x0000000100000000)
  eden space 119296K, 100% used [0x00000000f5580000,0x00000000fca00000,0x00000000fca00000)
  from space 23040K, 99% used [0x00000000fe980000,0x00000000ffffc4c0,0x0000000100000000)
  to   space 27648K, 0% used [0x00000000fca00000,0x00000000fca00000,0x00000000fe500000)
 ParOldGen       total 235520K, used 46365K [0x00000000e0000000, 0x00000000ee600000, 0x00000000f5580000)
  object space 235520K, 19% used [0x00000000e0000000,0x00000000e2d476e8,0x00000000ee600000)
 Metaspace       used 66199K, capacity 69926K, committed 70104K, reserved 1110016K
  class space    used 9141K, capacity 10101K, committed 10200K, reserved 1048576K
Event: 176.865 GC heap after
Heap after GC invocations=16 (full 3):
 PSYoungGen      total 146944K, used 27632K [0x00000000f5580000, 0x0000000100000000, 0x0000000100000000)
  eden space 119296K, 0% used [0x00000000f5580000,0x00000000f5580000,0x00000000fca00000)
  from space 27648K, 99% used [0x00000000fca00000,0x00000000fe4fc030,0x00000000fe500000)
  to   space 27648K, 0% used [0x00000000fe500000,0x00000000fe500000,0x0000000100000000)
 ParOldGen       total 235520K, used 59848K [0x00000000e0000000, 0x00000000ee600000, 0x00000000f5580000)
  object space 235520K, 25% used [0x00000000e0000000,0x00000000e3a72260,0x00000000ee600000)
 Metaspace       used 66199K, capacity 69926K, committed 70104K, reserved 1110016K
  class space    used 9141K, capacity 10101K, committed 10200K, reserved 1048576K
}

