# JRE version: Java(TM) SE Runtime Environment (8.0_121-b13) (build 1.8.0_121-b13)
# Java VM: Java HotSpot(TM) 64-Bit Server VM (25.121-b13 mixed mode windows-amd64 compressed oops)
Heap:
 PSYoungGen      total 160768K, used 50103K [0x00000000f5580000, 0x0000000100000000, 0x0000000100000000)
  eden space 146944K, 24% used [0x00000000f5580000,0x00000000f78f08c8,0x00000000fe500000)
  from space 13824K, 99% used [0x00000000fe500000,0x00000000ff27d340,0x00000000ff280000)
  to   space 13824K, 0% used [0x00000000ff280000,0x00000000ff280000,0x0000000100000000)
 ParOldGen       total 175104K, used 26796K [0x00000000e0000000, 0x00000000eab00000, 0x00000000f5580000)
  object space 175104K, 15% used [0x00000000e0000000,0x00000000e1a2b178,0x00000000eab00000)
 Metaspace       used 54334K, capacity 56380K, committed 56536K, reserved 1097728K
  class space    used 7491K, capacity 8091K, committed 8152K, reserved 1048576K
GC Heap History (10 events):
Event: 22.316 GC heap before
{Heap before GC invocations=7 (full 1):
 PSYoungGen      total 76288K, used 75996K [0x00000000f5580000, 0x00000000fc980000, 0x0000000100000000)
  eden space 65536K, 100% used [0x00000000f5580000,0x00000000f9580000,0x00000000f9580000)
  from space 10752K, 97% used [0x00000000f9580000,0x00000000f9fb7368,0x00000000fa000000)
  to   space 13312K, 0% used [0x00000000fbc80000,0x00000000fbc80000,0x00000000fc980000)
 ParOldGen       total 175104K, used 11166K [0x00000000e0000000, 0x00000000eab00000, 0x00000000f5580000)
  object space 175104K, 6% used [0x00000000e0000000,0x00000000e0ae7b90,0x00000000eab00000)
 Metaspace       used 34310K, capacity 35056K, committed 35328K, reserved 1079296K
  class space    used 4837K, capacity 5095K, committed 5120K, reserved 1048576K
Event: 22.339 GC heap after
Heap after GC invocations=7 (full 1):
 PSYoungGen      total 104960K, used 11521K [0x00000000f5580000, 0x00000000fcd80000, 0x0000000100000000)
  eden space 91648K, 0% used [0x00000000f5580000,0x00000000f5580000,0x00000000faf00000)
  from space 13312K, 86% used [0x00000000fbc80000,0x00000000fc7c0518,0x00000000fc980000)
  to   space 13824K, 0% used [0x00000000faf00000,0x00000000faf00000,0x00000000fbc80000)
 ParOldGen       total 175104K, used 11174K [0x00000000e0000000, 0x00000000eab00000, 0x00000000f5580000)
  object space 175104K, 6% used [0x00000000e0000000,0x00000000e0ae9b90,0x00000000eab00000)
 Metaspace       used 34310K, capacity 35056K, committed 35328K, reserved 1079296K
  class space    used 4837K, capacity 5095K, committed 5120K, reserved 1048576K
}
Event: 22.479 GC heap before
{Heap before GC invocations=8 (full 1):
 PSYoungGen      total 104960K, used 20750K [0x00000000f5580000, 0x00000000fcd80000, 0x0000000100000000)
  eden space 91648K, 10% used [0x00000000f5580000,0x00000000f5e83560,0x00000000faf00000)
  from space 13312K, 86% used [0x00000000fbc80000,0x00000000fc7c0518,0x00000000fc980000)
  to   space 13824K, 0% used [0x00000000faf00000,0x00000000faf00000,0x00000000fbc80000)
 ParOldGen       total 175104K, used 11174K [0x00000000e0000000, 0x00000000eab00000, 0x00000000f5580000)
  object space 175104K, 6% used [0x00000000e0000000,0x00000000e0ae9b90,0x00000000eab00000)
 Metaspace       used 34548K, capacity 35328K, committed 35416K, reserved 1079296K
  class space    used 4879K, capacity 5135K, committed 5208K, reserved 1048576K
Event: 22.497 GC heap after
Heap after GC invocations=8 (full 1):
 PSYoungGen      total 105472K, used 9188K [0x00000000f5580000, 0x00000000fff80000, 0x0000000100000000)
  eden space 91648K, 0% used [0x00000000f5580000,0x00000000f5580000,0x00000000faf00000)
  from space 13824K, 66% used [0x00000000faf00000,0x00000000fb7f9270,0x00000000fbc80000)
  to   space 13312K, 0% used [0x00000000ff280000,0x00000000ff280000,0x00000000fff80000)
 ParOldGen       total 175104K, used 11182K [0x00000000e0000000, 0x00000000eab00000, 0x00000000f5580000)
  object space 175104K, 6% used [0x00000000e0000000,0x00000000e0aebb90,0x00000000eab00000)
 Metaspace       used 34548K, capacity 35328K, committed 35416K, reserved 1079296K
  class space    used 4879K, capacity 5135K, committed 5208K, reserved 1048576K
}
Event: 22.497 GC heap before
{Heap before GC invocations=9 (full 2):
 PSYoungGen      total 105472K, used 9188K [0x00000000f5580000, 0x00000000fff80000, 0x0000000100000000)
  eden space 91648K, 0% used [0x00000000f5580000,0x00000000f5580000,0x00000000faf00000)
  from space 13824K, 66% used [0x00000000faf00000,0x00000000fb7f9270,0x00000000fbc80000)
  to   space 13312K, 0% used [0x00000000ff280000,0x00000000ff280000,0x00000000fff80000)
 ParOldGen       total 175104K, used 11182K [0x00000000e0000000, 0x00000000eab00000, 0x00000000f5580000)
  object space 175104K, 6% used [0x00000000e0000000,0x00000000e0aebb90,0x00000000eab00000)
 Metaspace       used 34548K, capacity 35328K, committed 35416K, reserved 1079296K
  class space    used 4879K, capacity 5135K, committed 5208K, reserved 1048576K
Event: 22.608 GC heap after
Heap after GC invocations=9 (full 2):
 PSYoungGen      total 105472K, used 0K [0x00000000f5580000, 0x00000000fff80000, 0x0000000100000000)
  eden space 91648K, 0% used [0x00000000f5580000,0x00000000f5580000,0x00000000faf00000)
  from space 13824K, 0% used [0x00000000faf00000,0x00000000faf00000,0x00000000fbc80000)
  to   space 13312K, 0% used [0x00000000ff280000,0x00000000ff280000,0x00000000fff80000)
 ParOldGen       total 175104K, used 16608K [0x00000000e0000000, 0x00000000eab00000, 0x00000000f5580000)
  object space 175104K, 9% used [0x00000000e0000000,0x00000000e10383c0,0x00000000eab00000)
 Metaspace       used 34539K, capacity 35298K, committed 35416K, reserved 1079296K
  class space    used 4877K, capacity 5130K, committed 5208K, reserved 1048576K
}
Event: 27.079 GC heap before
{Heap before GC invocations=10 (full 2):
 PSYoungGen      total 105472K, used 91648K [0x00000000f5580000, 0x00000000fff80000, 0x0000000100000000)
  eden space 91648K, 100% used [0x00000000f5580000,0x00000000faf00000,0x00000000faf00000)
  from space 13824K, 0% used [0x00000000faf00000,0x00000000faf00000,0x00000000fbc80000)
  to   space 13312K, 0% used [0x00000000ff280000,0x00000000ff280000,0x00000000fff80000)
 ParOldGen       total 175104K, used 16608K [0x00000000e0000000, 0x00000000eab00000, 0x00000000f5580000)
  object space 175104K, 9% used [0x00000000e0000000,0x00000000e10383c0,0x00000000eab00000)
 Metaspace       used 43030K, capacity 44084K, committed 44248K, reserved 1087488K
  class space    used 5935K, capacity 6261K, committed 6360K, reserved 1048576K
Event: 27.098 GC heap after
Heap after GC invocations=10 (full 2):
 PSYoungGen      total 160256K, used 11833K [0x00000000f5580000, 0x0000000100000000, 0x0000000100000000)
  eden space 146944K, 0% used [0x00000000f5580000,0x00000000f5580000,0x00000000fe500000)
  from space 13312K, 88% used [0x00000000ff280000,0x00000000ffe0e518,0x00000000fff80000)
  to   space 13824K, 0% used [0x00000000fe500000,0x00000000fe500000,0x00000000ff280000)
 ParOldGen       total 175104K, used 16616K [0x00000000e0000000, 0x00000000eab00000, 0x00000000f5580000)
  object space 175104K, 9% used [0x00000000e0000000,0x00000000e103a3c0,0x00000000eab00000)
 Metaspace       used 43030K, capacity 44084K, committed 44248K, reserved 1087488K
  class space    used 5935K, capacity 6261K, committed 6360K, reserved 1048576K
}
Event: 31.345 GC heap before
{Heap before GC invocations=11 (full 2):
 PSYoungGen      total 160256K, used 158777K [0x00000000f5580000, 0x0000000100000000, 0x0000000100000000)
  eden space 146944K, 100% used [0x00000000f5580000,0x00000000fe500000,0x00000000fe500000)
  from space 13312K, 88% used [0x00000000ff280000,0x00000000ffe0e518,0x00000000fff80000)
  to   space 13824K, 0% used [0x00000000fe500000,0x00000000fe500000,0x00000000ff280000)
 ParOldGen       total 175104K, used 16616K [0x00000000e0000000, 0x00000000eab00000, 0x00000000f5580000)
  object space 175104K, 9% used [0x00000000e0000000,0x00000000e103a3c0,0x00000000eab00000)
 Metaspace       used 53088K, capacity 54998K, committed 55256K, reserved 1097728K
  class space    used 7318K, capacity 7869K, committed 7896K, reserved 1048576K
Event: 31.383 GC heap after
Heap after GC invocations=11 (full 2):
 PSYoungGen      total 160768K, used 13812K [0x00000000f5580000, 0x0000000100000000, 0x0000000100000000)
  eden space 146944K, 0% used [0x00000000f5580000,0x00000000f5580000,0x00000000fe500000)
  from space 13824K, 99% used [0x00000000fe500000,0x00000000ff27d340,0x00000000ff280000)
  to   space 13824K, 0% used [0x00000000ff280000,0x00000000ff280000,0x0000000100000000)
 ParOldGen       total 175104K, used 26796K [0x00000000e0000000, 0x00000000eab00000, 0x00000000f5580000)
  object space 175104K, 15% used [0x00000000e0000000,0x00000000e1a2b178,0x00000000eab00000)
 Metaspace       used 53088K, capacity 54998K, committed 55256K, reserved 1097728K
  class space    used 7318K, capacity 7869K, committed 7896K, reserved 1048576K
}

