# JRE version: Java(TM) SE Runtime Environment (8.0_121-b13) (build 1.8.0_121-b13)
# Java VM: Java HotSpot(TM) 64-Bit Server VM (25.121-b13 mixed mode windows-amd64 compressed oops)
Heap:
 PSYoungGen      total 76288K, used 16102K [0x00000000f5580000, 0x00000000faa80000, 0x0000000100000000)
  eden space 65536K, 11% used [0x00000000f5580000,0x00000000f5cff490,0x00000000f9580000)
  from space 10752K, 78% used [0x00000000f9580000,0x00000000f9dba678,0x00000000fa000000)
  to   space 10752K, 0% used [0x00000000fa000000,0x00000000fa000000,0x00000000faa80000)
 ParOldGen       total 175104K, used 31741K [0x00000000e0000000, 0x00000000eab00000, 0x00000000f5580000)
  object space 175104K, 18% used [0x00000000e0000000,0x00000000e1eff740,0x00000000eab00000)
 Metaspace       used 54315K, capacity 56376K, committed 56536K, reserved 1097728K
  class space    used 7488K, capacity 8091K, committed 8152K, reserved 1048576K
GC Heap History (10 events):
Event: 22.467 GC heap before
{Heap before GC invocations=9 (full 2):
 PSYoungGen      total 76288K, used 9588K [0x00000000f5580000, 0x00000000faa80000, 0x0000000100000000)
  eden space 65536K, 0% used [0x00000000f5580000,0x00000000f5580000,0x00000000f9580000)
  from space 10752K, 89% used [0x00000000f9580000,0x00000000f9edd260,0x00000000fa000000)
  to   space 10752K, 0% used [0x00000000fa000000,0x00000000fa000000,0x00000000faa80000)
 ParOldGen       total 175104K, used 11847K [0x00000000e0000000, 0x00000000eab00000, 0x00000000f5580000)
  object space 175104K, 6% used [0x00000000e0000000,0x00000000e0b91d68,0x00000000eab00000)
 Metaspace       used 34563K, capacity 35306K, committed 35416K, reserved 1079296K
  class space    used 4876K, capacity 5132K, committed 5208K, reserved 1048576K
Event: 22.559 GC heap after
Heap after GC invocations=9 (full 2):
 PSYoungGen      total 76288K, used 0K [0x00000000f5580000, 0x00000000faa80000, 0x0000000100000000)
  eden space 65536K, 0% used [0x00000000f5580000,0x00000000f5580000,0x00000000f9580000)
  from space 10752K, 0% used [0x00000000f9580000,0x00000000f9580000,0x00000000fa000000)
  to   space 10752K, 0% used [0x00000000fa000000,0x00000000fa000000,0x00000000faa80000)
 ParOldGen       total 175104K, used 16907K [0x00000000e0000000, 0x00000000eab00000, 0x00000000f5580000)
  object space 175104K, 9% used [0x00000000e0000000,0x00000000e1082c70,0x00000000eab00000)
 Metaspace       used 34559K, capacity 35294K, committed 35416K, reserved 1079296K
  class space    used 4875K, capacity 5130K, committed 5208K, reserved 1048576K
}
Event: 24.077 GC heap before
{Heap before GC invocations=10 (full 2):
 PSYoungGen      total 76288K, used 65536K [0x00000000f5580000, 0x00000000faa80000, 0x0000000100000000)
  eden space 65536K, 100% used [0x00000000f5580000,0x00000000f9580000,0x00000000f9580000)
  from space 10752K, 0% used [0x00000000f9580000,0x00000000f9580000,0x00000000fa000000)
  to   space 10752K, 0% used [0x00000000fa000000,0x00000000fa000000,0x00000000faa80000)
 ParOldGen       total 175104K, used 16907K [0x00000000e0000000, 0x00000000eab00000, 0x00000000f5580000)
  object space 175104K, 9% used [0x00000000e0000000,0x00000000e1082c70,0x00000000eab00000)
 Metaspace       used 41404K, capacity 42484K, committed 42712K, reserved 1085440K
  class space    used 5707K, capacity 6031K, committed 6104K, reserved 1048576K
Event: 24.093 GC heap after
Heap after GC invocations=10 (full 2):
 PSYoungGen      total 76288K, used 8134K [0x00000000f5580000, 0x00000000faa80000, 0x0000000100000000)
  eden space 65536K, 0% used [0x00000000f5580000,0x00000000f5580000,0x00000000f9580000)
  from space 10752K, 75% used [0x00000000fa000000,0x00000000fa7f1898,0x00000000faa80000)
  to   space 10752K, 0% used [0x00000000f9580000,0x00000000f9580000,0x00000000fa000000)
 ParOldGen       total 175104K, used 16915K [0x00000000e0000000, 0x00000000eab00000, 0x00000000f5580000)
  object space 175104K, 9% used [0x00000000e0000000,0x00000000e1084c70,0x00000000eab00000)
 Metaspace       used 41404K, capacity 42484K, committed 42712K, reserved 1085440K
  class space    used 5707K, capacity 6031K, committed 6104K, reserved 1048576K
}
Event: 25.056 GC heap before
{Heap before GC invocations=11 (full 2):
 PSYoungGen      total 76288K, used 73670K [0x00000000f5580000, 0x00000000faa80000, 0x0000000100000000)
  eden space 65536K, 100% used [0x00000000f5580000,0x00000000f9580000,0x00000000f9580000)
  from space 10752K, 75% used [0x00000000fa000000,0x00000000fa7f1898,0x00000000faa80000)
  to   space 10752K, 0% used [0x00000000f9580000,0x00000000f9580000,0x00000000fa000000)
 ParOldGen       total 175104K, used 16915K [0x00000000e0000000, 0x00000000eab00000, 0x00000000f5580000)
  object space 175104K, 9% used [0x00000000e0000000,0x00000000e1084c70,0x00000000eab00000)
 Metaspace       used 45754K, capacity 46946K, committed 47192K, reserved 1089536K
  class space    used 6276K, capacity 6651K, committed 6744K, reserved 1048576K
Event: 25.070 GC heap after
Heap after GC invocations=11 (full 2):
 PSYoungGen      total 76288K, used 10728K [0x00000000f5580000, 0x00000000faa80000, 0x0000000100000000)
  eden space 65536K, 0% used [0x00000000f5580000,0x00000000f5580000,0x00000000f9580000)
  from space 10752K, 99% used [0x00000000f9580000,0x00000000f9ffa1c0,0x00000000fa000000)
  to   space 10752K, 0% used [0x00000000fa000000,0x00000000fa000000,0x00000000faa80000)
 ParOldGen       total 175104K, used 18111K [0x00000000e0000000, 0x00000000eab00000, 0x00000000f5580000)
  object space 175104K, 10% used [0x00000000e0000000,0x00000000e11afd90,0x00000000eab00000)
 Metaspace       used 45754K, capacity 46946K, committed 47192K, reserved 1089536K
  class space    used 6276K, capacity 6651K, committed 6744K, reserved 1048576K
}
Event: 26.190 GC heap before
{Heap before GC invocations=12 (full 2):
 PSYoungGen      total 76288K, used 76264K [0x00000000f5580000, 0x00000000faa80000, 0x0000000100000000)
  eden space 65536K, 100% used [0x00000000f5580000,0x00000000f9580000,0x00000000f9580000)
  from space 10752K, 99% used [0x00000000f9580000,0x00000000f9ffa1c0,0x00000000fa000000)
  to   space 10752K, 0% used [0x00000000fa000000,0x00000000fa000000,0x00000000faa80000)
 ParOldGen       total 175104K, used 18111K [0x00000000e0000000, 0x00000000eab00000, 0x00000000f5580000)
  object space 175104K, 10% used [0x00000000e0000000,0x00000000e11afd90,0x00000000eab00000)
 Metaspace       used 51886K, capacity 53344K, committed 53464K, reserved 1095680K
  class space    used 7163K, capacity 7564K, committed 7640K, reserved 1048576K
Event: 26.210 GC heap after
Heap after GC invocations=12 (full 2):
 PSYoungGen      total 76288K, used 10740K [0x00000000f5580000, 0x00000000faa80000, 0x0000000100000000)
  eden space 65536K, 0% used [0x00000000f5580000,0x00000000f5580000,0x00000000f9580000)
  from space 10752K, 99% used [0x00000000fa000000,0x00000000faa7d0c8,0x00000000faa80000)
  to   space 10752K, 0% used [0x00000000f9580000,0x00000000f9580000,0x00000000fa000000)
 ParOldGen       total 175104K, used 23792K [0x00000000e0000000, 0x00000000eab00000, 0x00000000f5580000)
  object space 175104K, 13% used [0x00000000e0000000,0x00000000e173c008,0x00000000eab00000)
 Metaspace       used 51886K, capacity 53344K, committed 53464K, reserved 1095680K
  class space    used 7163K, capacity 7564K, committed 7640K, reserved 1048576K
}
Event: 30.607 GC heap before
{Heap before GC invocations=13 (full 2):
 PSYoungGen      total 76288K, used 76276K [0x00000000f5580000, 0x00000000faa80000, 0x0000000100000000)
  eden space 65536K, 100% used [0x00000000f5580000,0x00000000f9580000,0x00000000f9580000)
  from space 10752K, 99% used [0x00000000fa000000,0x00000000faa7d0c8,0x00000000faa80000)
  to   space 10752K, 0% used [0x00000000f9580000,0x00000000f9580000,0x00000000fa000000)
 ParOldGen       total 175104K, used 23792K [0x00000000e0000000, 0x00000000eab00000, 0x00000000f5580000)
  object space 175104K, 13% used [0x00000000e0000000,0x00000000e173c008,0x00000000eab00000)
 Metaspace       used 54295K, capacity 56306K, committed 56536K, reserved 1097728K
  class space    used 7484K, capacity 8090K, committed 8152K, reserved 1048576K
Event: 30.630 GC heap after
Heap after GC invocations=13 (full 2):
 PSYoungGen      total 76288K, used 8425K [0x00000000f5580000, 0x00000000faa80000, 0x0000000100000000)
  eden space 65536K, 0% used [0x00000000f5580000,0x00000000f5580000,0x00000000f9580000)
  from space 10752K, 78% used [0x00000000f9580000,0x00000000f9dba678,0x00000000fa000000)
  to   space 10752K, 0% used [0x00000000fa000000,0x00000000fa000000,0x00000000faa80000)
 ParOldGen       total 175104K, used 31741K [0x00000000e0000000, 0x00000000eab00000, 0x00000000f5580000)
  object space 175104K, 18% used [0x00000000e0000000,0x00000000e1eff740,0x00000000eab00000)
 Metaspace       used 54295K, capacity 56306K, committed 56536K, reserved 1097728K
  class space    used 7484K, capacity 8090K, committed 8152K, reserved 1048576K
}

