# JRE version: OpenJDK Runtime Environment (8.0_202-b03) (build 1.8.0_202-release-1483-b03)
# Java VM: OpenJDK 64-Bit Server VM (25.202-b03 mixed mode windows-amd64 compressed oops)
Heap:
 PSYoungGen      total 102912K, used 43856K [0x00000000f5580000, 0x00000000fd300000, 0x0000000100000000)
  eden space 89600K, 48% used [0x00000000f5580000,0x00000000f8054148,0x00000000fad00000)
  from space 13312K, 0% used [0x00000000fbb00000,0x00000000fbb00000,0x00000000fc800000)
  to   space 14336K, 0% used [0x00000000fad00000,0x00000000fad00000,0x00000000fbb00000)
 ParOldGen       total 175104K, used 18114K [0x00000000e0000000, 0x00000000eab00000, 0x00000000f5580000)
  object space 175104K, 10% used [0x00000000e0000000,0x00000000e11b0ae8,0x00000000eab00000)
 Metaspace       used 36791K, capacity 37906K, committed 38144K, reserved 1081344K
  class space    used 5056K, capacity 5376K, committed 5376K, reserved 1048576K
GC Heap History (10 events):
Event: 10.425 GC heap before
{Heap before GC invocations=4 (full 1):
 PSYoungGen      total 76288K, used 10722K [0x00000000f5580000, 0x00000000faa80000, 0x0000000100000000)
  eden space 65536K, 0% used [0x00000000f5580000,0x00000000f5580000,0x00000000f9580000)
  from space 10752K, 99% used [0x00000000f9580000,0x00000000f9ff8b60,0x00000000fa000000)
  to   space 10752K, 0% used [0x00000000fa000000,0x00000000fa000000,0x00000000faa80000)
 ParOldGen       total 175104K, used 1184K [0x00000000e0000000, 0x00000000eab00000, 0x00000000f5580000)
  object space 175104K, 0% used [0x00000000e0000000,0x00000000e0128230,0x00000000eab00000)
 Metaspace       used 20708K, capacity 21104K, committed 21248K, reserved 1067008K
  class space    used 2914K, capacity 3062K, committed 3072K, reserved 1048576K
Event: 10.493 GC heap after
Heap after GC invocations=4 (full 1):
 PSYoungGen      total 76288K, used 0K [0x00000000f5580000, 0x00000000faa80000, 0x0000000100000000)
  eden space 65536K, 0% used [0x00000000f5580000,0x00000000f5580000,0x00000000f9580000)
  from space 10752K, 0% used [0x00000000f9580000,0x00000000f9580000,0x00000000fa000000)
  to   space 10752K, 0% used [0x00000000fa000000,0x00000000fa000000,0x00000000faa80000)
 ParOldGen       total 175104K, used 11583K [0x00000000e0000000, 0x00000000eab00000, 0x00000000f5580000)
  object space 175104K, 6% used [0x00000000e0000000,0x00000000e0b4fd50,0x00000000eab00000)
 Metaspace       used 20708K, capacity 21104K, committed 21248K, reserved 1067008K
  class space    used 2914K, capacity 3062K, committed 3072K, reserved 1048576K
}
Event: 83.118 GC heap before
{Heap before GC invocations=5 (full 1):
 PSYoungGen      total 76288K, used 65536K [0x00000000f5580000, 0x00000000faa80000, 0x0000000100000000)
  eden space 65536K, 100% used [0x00000000f5580000,0x00000000f9580000,0x00000000f9580000)
  from space 10752K, 0% used [0x00000000f9580000,0x00000000f9580000,0x00000000fa000000)
  to   space 10752K, 0% used [0x00000000fa000000,0x00000000fa000000,0x00000000faa80000)
 ParOldGen       total 175104K, used 11583K [0x00000000e0000000, 0x00000000eab00000, 0x00000000f5580000)
  object space 175104K, 6% used [0x00000000e0000000,0x00000000e0b4fd50,0x00000000eab00000)
 Metaspace       used 27865K, capacity 28412K, committed 28544K, reserved 1073152K
  class space    used 3712K, capacity 3914K, committed 3968K, reserved 1048576K
Event: 83.132 GC heap after
Heap after GC invocations=5 (full 1):
 PSYoungGen      total 76288K, used 7957K [0x00000000f5580000, 0x00000000faa80000, 0x0000000100000000)
  eden space 65536K, 0% used [0x00000000f5580000,0x00000000f5580000,0x00000000f9580000)
  from space 10752K, 74% used [0x00000000fa000000,0x00000000fa7c55d8,0x00000000faa80000)
  to   space 10752K, 0% used [0x00000000f9580000,0x00000000f9580000,0x00000000fa000000)
 ParOldGen       total 175104K, used 11591K [0x00000000e0000000, 0x00000000eab00000, 0x00000000f5580000)
  object space 175104K, 6% used [0x00000000e0000000,0x00000000e0b51d50,0x00000000eab00000)
 Metaspace       used 27865K, capacity 28412K, committed 28544K, reserved 1073152K
  class space    used 3712K, capacity 3914K, committed 3968K, reserved 1048576K
}
Event: 85.498 GC heap before
{Heap before GC invocations=6 (full 1):
 PSYoungGen      total 76288K, used 73493K [0x00000000f5580000, 0x00000000faa80000, 0x0000000100000000)
  eden space 65536K, 100% used [0x00000000f5580000,0x00000000f9580000,0x00000000f9580000)
  from space 10752K, 74% used [0x00000000fa000000,0x00000000fa7c55d8,0x00000000faa80000)
  to   space 10752K, 0% used [0x00000000f9580000,0x00000000f9580000,0x00000000fa000000)
 ParOldGen       total 175104K, used 11591K [0x00000000e0000000, 0x00000000eab00000, 0x00000000f5580000)
  object space 175104K, 6% used [0x00000000e0000000,0x00000000e0b51d50,0x00000000eab00000)
 Metaspace       used 31290K, capacity 31902K, committed 32128K, reserved 1077248K
  class space    used 4278K, capacity 4476K, committed 4480K, reserved 1048576K
Event: 85.516 GC heap after
Heap after GC invocations=6 (full 1):
 PSYoungGen      total 76288K, used 10490K [0x00000000f5580000, 0x00000000fc800000, 0x0000000100000000)
  eden space 65536K, 0% used [0x00000000f5580000,0x00000000f5580000,0x00000000f9580000)
  from space 10752K, 97% used [0x00000000f9580000,0x00000000f9fbe828,0x00000000fa000000)
  to   space 13312K, 0% used [0x00000000fbb00000,0x00000000fbb00000,0x00000000fc800000)
 ParOldGen       total 175104K, used 11599K [0x00000000e0000000, 0x00000000eab00000, 0x00000000f5580000)
  object space 175104K, 6% used [0x00000000e0000000,0x00000000e0b53d50,0x00000000eab00000)
 Metaspace       used 31290K, capacity 31902K, committed 32128K, reserved 1077248K
  class space    used 4278K, capacity 4476K, committed 4480K, reserved 1048576K
}
Event: 87.969 GC heap before
{Heap before GC invocations=7 (full 1):
 PSYoungGen      total 76288K, used 66115K [0x00000000f5580000, 0x00000000fc800000, 0x0000000100000000)
  eden space 65536K, 84% used [0x00000000f5580000,0x00000000f8bd2570,0x00000000f9580000)
  from space 10752K, 97% used [0x00000000f9580000,0x00000000f9fbe828,0x00000000fa000000)
  to   space 13312K, 0% used [0x00000000fbb00000,0x00000000fbb00000,0x00000000fc800000)
 ParOldGen       total 175104K, used 11599K [0x00000000e0000000, 0x00000000eab00000, 0x00000000f5580000)
  object space 175104K, 6% used [0x00000000e0000000,0x00000000e0b53d50,0x00000000eab00000)
 Metaspace       used 34480K, capacity 35284K, committed 35416K, reserved 1079296K
  class space    used 4753K, capacity 5023K, committed 5120K, reserved 1048576K
Event: 88.010 GC heap after
Heap after GC invocations=7 (full 1):
 PSYoungGen      total 102912K, used 11607K [0x00000000f5580000, 0x00000000fd300000, 0x0000000100000000)
  eden space 89600K, 0% used [0x00000000f5580000,0x00000000f5580000,0x00000000fad00000)
  from space 13312K, 87% used [0x00000000fbb00000,0x00000000fc655c58,0x00000000fc800000)
  to   space 14336K, 0% used [0x00000000fad00000,0x00000000fad00000,0x00000000fbb00000)
 ParOldGen       total 175104K, used 11607K [0x00000000e0000000, 0x00000000eab00000, 0x00000000f5580000)
  object space 175104K, 6% used [0x00000000e0000000,0x00000000e0b55d50,0x00000000eab00000)
 Metaspace       used 34480K, capacity 35284K, committed 35416K, reserved 1079296K
  class space    used 4753K, capacity 5023K, committed 5120K, reserved 1048576K
}
Event: 88.010 GC heap before
{Heap before GC invocations=8 (full 2):
 PSYoungGen      total 102912K, used 11607K [0x00000000f5580000, 0x00000000fd300000, 0x0000000100000000)
  eden space 89600K, 0% used [0x00000000f5580000,0x00000000f5580000,0x00000000fad00000)
  from space 13312K, 87% used [0x00000000fbb00000,0x00000000fc655c58,0x00000000fc800000)
  to   space 14336K, 0% used [0x00000000fad00000,0x00000000fad00000,0x00000000fbb00000)
 ParOldGen       total 175104K, used 11607K [0x00000000e0000000, 0x00000000eab00000, 0x00000000f5580000)
  object space 175104K, 6% used [0x00000000e0000000,0x00000000e0b55d50,0x00000000eab00000)
 Metaspace       used 34480K, capacity 35284K, committed 35416K, reserved 1079296K
  class space    used 4753K, capacity 5023K, committed 5120K, reserved 1048576K
Event: 88.133 GC heap after
Heap after GC invocations=8 (full 2):
 PSYoungGen      total 102912K, used 0K [0x00000000f5580000, 0x00000000fd300000, 0x0000000100000000)
  eden space 89600K, 0% used [0x00000000f5580000,0x00000000f5580000,0x00000000fad00000)
  from space 13312K, 0% used [0x00000000fbb00000,0x00000000fbb00000,0x00000000fc800000)
  to   space 14336K, 0% used [0x00000000fad00000,0x00000000fad00000,0x00000000fbb00000)
 ParOldGen       total 175104K, used 18114K [0x00000000e0000000, 0x00000000eab00000, 0x00000000f5580000)
  object space 175104K, 10% used [0x00000000e0000000,0x00000000e11b0ae8,0x00000000eab00000)
 Metaspace       used 34480K, capacity 35284K, committed 35416K, reserved 1079296K
  class space    used 4753K, capacity 5023K, committed 5120K, reserved 1048576K
}

