# JRE version: Java(TM) SE Runtime Environment (8.0_121-b13) (build 1.8.0_121-b13)
# Java VM: Java HotSpot(TM) 64-Bit Server VM (25.121-b13 mixed mode windows-amd64 compressed oops)
Heap:
 PSYoungGen      total 72192K, used 50740K [0x00000000f5580000, 0x00000000fcc00000, 0x0000000100000000)
  eden space 46592K, 73% used [0x00000000f5580000,0x00000000f76bef58,0x00000000f8300000)
  from space 25600K, 65% used [0x00000000f9e80000,0x00000000faece288,0x00000000fb780000)
  to   space 28160K, 0% used [0x00000000f8300000,0x00000000f8300000,0x00000000f9e80000)
 ParOldGen       total 175104K, used 67309K [0x00000000e0000000, 0x00000000eab00000, 0x00000000f5580000)
  object space 175104K, 38% used [0x00000000e0000000,0x00000000e41bb418,0x00000000eab00000)
 Metaspace       used 66638K, capacity 70524K, committed 70656K, reserved 1110016K
  class space    used 9202K, capacity 10184K, committed 10240K, reserved 1048576K
GC Heap History (10 events):
Event: 314.948 GC heap before
{Heap before GC invocations=19 (full 3):
 PSYoungGen      total 63488K, used 63261K [0x00000000f5580000, 0x00000000fb280000, 0x0000000100000000)
  eden space 51200K, 100% used [0x00000000f5580000,0x00000000f8780000,0x00000000f8780000)
  from space 12288K, 98% used [0x00000000f8880000,0x00000000f9447778,0x00000000f9480000)
  to   space 22016K, 0% used [0x00000000f9d00000,0x00000000f9d00000,0x00000000fb280000)
 ParOldGen       total 175104K, used 40587K [0x00000000e0000000, 0x00000000eab00000, 0x00000000f5580000)
  object space 175104K, 23% used [0x00000000e0000000,0x00000000e27a2cc0,0x00000000eab00000)
 Metaspace       used 62211K, capacity 65466K, committed 65664K, reserved 1105920K
  class space    used 8674K, capacity 9589K, committed 9600K, reserved 1048576K
Event: 314.970 GC heap after
Heap after GC invocations=19 (full 3):
 PSYoungGen      total 72192K, used 17194K [0x00000000f5580000, 0x00000000fb380000, 0x0000000100000000)
  eden space 50176K, 0% used [0x00000000f5580000,0x00000000f5580000,0x00000000f8680000)
  from space 22016K, 78% used [0x00000000f9d00000,0x00000000fadcab38,0x00000000fb280000)
  to   space 23040K, 0% used [0x00000000f8680000,0x00000000f8680000,0x00000000f9d00000)
 ParOldGen       total 175104K, used 40595K [0x00000000e0000000, 0x00000000eab00000, 0x00000000f5580000)
  object space 175104K, 23% used [0x00000000e0000000,0x00000000e27a4cc0,0x00000000eab00000)
 Metaspace       used 62211K, capacity 65466K, committed 65664K, reserved 1105920K
  class space    used 8674K, capacity 9589K, committed 9600K, reserved 1048576K
}
Event: 320.706 GC heap before
{Heap before GC invocations=20 (full 3):
 PSYoungGen      total 72192K, used 67370K [0x00000000f5580000, 0x00000000fb380000, 0x0000000100000000)
  eden space 50176K, 100% used [0x00000000f5580000,0x00000000f8680000,0x00000000f8680000)
  from space 22016K, 78% used [0x00000000f9d00000,0x00000000fadcab38,0x00000000fb280000)
  to   space 23040K, 0% used [0x00000000f8680000,0x00000000f8680000,0x00000000f9d00000)
 ParOldGen       total 175104K, used 40595K [0x00000000e0000000, 0x00000000eab00000, 0x00000000f5580000)
  object space 175104K, 23% used [0x00000000e0000000,0x00000000e27a4cc0,0x00000000eab00000)
 Metaspace       used 63998K, capacity 67520K, committed 67712K, reserved 1107968K
  class space    used 8878K, capacity 9834K, committed 9856K, reserved 1048576K
Event: 320.731 GC heap after
Heap after GC invocations=20 (full 3):
 PSYoungGen      total 72192K, used 22207K [0x00000000f5580000, 0x00000000fb780000, 0x0000000100000000)
  eden space 49152K, 0% used [0x00000000f5580000,0x00000000f5580000,0x00000000f8580000)
  from space 23040K, 96% used [0x00000000f8680000,0x00000000f9c2ff80,0x00000000f9d00000)
  to   space 25600K, 0% used [0x00000000f9e80000,0x00000000f9e80000,0x00000000fb780000)
 ParOldGen       total 175104K, used 40603K [0x00000000e0000000, 0x00000000eab00000, 0x00000000f5580000)
  object space 175104K, 23% used [0x00000000e0000000,0x00000000e27a6cc0,0x00000000eab00000)
 Metaspace       used 63998K, capacity 67520K, committed 67712K, reserved 1107968K
  class space    used 8878K, capacity 9834K, committed 9856K, reserved 1048576K
}
Event: 322.259 GC heap before
{Heap before GC invocations=21 (full 3):
 PSYoungGen      total 72192K, used 71359K [0x00000000f5580000, 0x00000000fb780000, 0x0000000100000000)
  eden space 49152K, 100% used [0x00000000f5580000,0x00000000f8580000,0x00000000f8580000)
  from space 23040K, 96% used [0x00000000f8680000,0x00000000f9c2ff80,0x00000000f9d00000)
  to   space 25600K, 0% used [0x00000000f9e80000,0x00000000f9e80000,0x00000000fb780000)
 ParOldGen       total 175104K, used 40603K [0x00000000e0000000, 0x00000000eab00000, 0x00000000f5580000)
  object space 175104K, 23% used [0x00000000e0000000,0x00000000e27a6cc0,0x00000000eab00000)
 Metaspace       used 64275K, capacity 67794K, committed 68096K, reserved 1107968K
  class space    used 8888K, capacity 9871K, committed 9984K, reserved 1048576K
Event: 322.290 GC heap after
Heap after GC invocations=21 (full 3):
 PSYoungGen      total 73728K, used 20113K [0x00000000f5580000, 0x00000000fc900000, 0x0000000100000000)
  eden space 48128K, 0% used [0x00000000f5580000,0x00000000f5580000,0x00000000f8480000)
  from space 25600K, 78% used [0x00000000f9e80000,0x00000000fb2244c0,0x00000000fb780000)
  to   space 26624K, 0% used [0x00000000f8480000,0x00000000f8480000,0x00000000f9e80000)
 ParOldGen       total 175104K, used 48242K [0x00000000e0000000, 0x00000000eab00000, 0x00000000f5580000)
  object space 175104K, 27% used [0x00000000e0000000,0x00000000e2f1cae8,0x00000000eab00000)
 Metaspace       used 64275K, capacity 67794K, committed 68096K, reserved 1107968K
  class space    used 8888K, capacity 9871K, committed 9984K, reserved 1048576K
}
Event: 323.034 GC heap before
{Heap before GC invocations=22 (full 3):
 PSYoungGen      total 73728K, used 68241K [0x00000000f5580000, 0x00000000fc900000, 0x0000000100000000)
  eden space 48128K, 100% used [0x00000000f5580000,0x00000000f8480000,0x00000000f8480000)
  from space 25600K, 78% used [0x00000000f9e80000,0x00000000fb2244c0,0x00000000fb780000)
  to   space 26624K, 0% used [0x00000000f8480000,0x00000000f8480000,0x00000000f9e80000)
 ParOldGen       total 175104K, used 48242K [0x00000000e0000000, 0x00000000eab00000, 0x00000000f5580000)
  object space 175104K, 27% used [0x00000000e0000000,0x00000000e2f1cae8,0x00000000eab00000)
 Metaspace       used 64876K, capacity 68400K, committed 68608K, reserved 1107968K
  class space    used 8966K, capacity 9950K, committed 9984K, reserved 1048576K
Event: 323.068 GC heap after
Heap after GC invocations=22 (full 3):
 PSYoungGen      total 74752K, used 23584K [0x00000000f5580000, 0x00000000fc900000, 0x0000000100000000)
  eden space 48128K, 0% used [0x00000000f5580000,0x00000000f5580000,0x00000000f8480000)
  from space 26624K, 88% used [0x00000000f8480000,0x00000000f9b88050,0x00000000f9e80000)
  to   space 25600K, 0% used [0x00000000f9e80000,0x00000000f9e80000,0x00000000fb780000)
 ParOldGen       total 175104K, used 57002K [0x00000000e0000000, 0x00000000eab00000, 0x00000000f5580000)
  object space 175104K, 32% used [0x00000000e0000000,0x00000000e37aaba0,0x00000000eab00000)
 Metaspace       used 64876K, capacity 68400K, committed 68608K, reserved 1107968K
  class space    used 8966K, capacity 9950K, committed 9984K, reserved 1048576K
}
Event: 332.818 GC heap before
{Heap before GC invocations=23 (full 3):
 PSYoungGen      total 74752K, used 71712K [0x00000000f5580000, 0x00000000fc900000, 0x0000000100000000)
  eden space 48128K, 100% used [0x00000000f5580000,0x00000000f8480000,0x00000000f8480000)
  from space 26624K, 88% used [0x00000000f8480000,0x00000000f9b88050,0x00000000f9e80000)
  to   space 25600K, 0% used [0x00000000f9e80000,0x00000000f9e80000,0x00000000fb780000)
 ParOldGen       total 175104K, used 57002K [0x00000000e0000000, 0x00000000eab00000, 0x00000000f5580000)
  object space 175104K, 32% used [0x00000000e0000000,0x00000000e37aaba0,0x00000000eab00000)
 Metaspace       used 65953K, capacity 69596K, committed 69760K, reserved 1110016K
  class space    used 9100K, capacity 10072K, committed 10112K, reserved 1048576K
Event: 332.846 GC heap after
Heap after GC invocations=23 (full 3):
 PSYoungGen      total 72192K, used 16696K [0x00000000f5580000, 0x00000000fcc00000, 0x0000000100000000)
  eden space 46592K, 0% used [0x00000000f5580000,0x00000000f5580000,0x00000000f8300000)
  from space 25600K, 65% used [0x00000000f9e80000,0x00000000faece288,0x00000000fb780000)
  to   space 28160K, 0% used [0x00000000f8300000,0x00000000f8300000,0x00000000f9e80000)
 ParOldGen       total 175104K, used 67309K [0x00000000e0000000, 0x00000000eab00000, 0x00000000f5580000)
  object space 175104K, 38% used [0x00000000e0000000,0x00000000e41bb418,0x00000000eab00000)
 Metaspace       used 65953K, capacity 69596K, committed 69760K, reserved 1110016K
  class space    used 9100K, capacity 10072K, committed 10112K, reserved 1048576K
}

