# JRE version: Java(TM) SE Runtime Environment (8.0_121-b13) (build 1.8.0_121-b13)
# Java VM: Java HotSpot(TM) 64-Bit Server VM (25.121-b13 mixed mode windows-amd64 compressed oops)
Heap:
 PSYoungGen      total 73728K, used 24242K [0x00000000f5580000, 0x00000000faa80000, 0x0000000100000000)
  eden space 60416K, 21% used [0x00000000f5580000,0x00000000f62638a8,0x00000000f9080000)
  from space 13312K, 82% used [0x00000000f9080000,0x00000000f9b49088,0x00000000f9d80000)
  to   space 13312K, 0% used [0x00000000f9d80000,0x00000000f9d80000,0x00000000faa80000)
 ParOldGen       total 175104K, used 15788K [0x00000000e0000000, 0x00000000eab00000, 0x00000000f5580000)
  object space 175104K, 9% used [0x00000000e0000000,0x00000000e0f6b1e8,0x00000000eab00000)
 Metaspace       used 45938K, capacity 47214K, committed 47448K, reserved 1089536K
  class space    used 6317K, capacity 6697K, committed 6744K, reserved 1048576K
GC Heap History (10 events):
Event: 186.710 GC heap before
{Heap before GC invocations=7 (full 1):
 PSYoungGen      total 74752K, used 74440K [0x00000000f5580000, 0x00000000fae00000, 0x0000000100000000)
  eden space 64000K, 100% used [0x00000000f5580000,0x00000000f9400000,0x00000000f9400000)
  from space 10752K, 97% used [0x00000000f9580000,0x00000000f9fb2100,0x00000000fa000000)
  to   space 13312K, 0% used [0x00000000fa100000,0x00000000fa100000,0x00000000fae00000)
 ParOldGen       total 175104K, used 11246K [0x00000000e0000000, 0x00000000eab00000, 0x00000000f5580000)
  object space 175104K, 6% used [0x00000000e0000000,0x00000000e0afbaf8,0x00000000eab00000)
 Metaspace       used 34303K, capacity 35084K, committed 35328K, reserved 1079296K
  class space    used 4835K, capacity 5063K, committed 5120K, reserved 1048576K
Event: 186.736 GC heap after
Heap after GC invocations=7 (full 1):
 PSYoungGen      total 75264K, used 11370K [0x00000000f5580000, 0x00000000fad80000, 0x0000000100000000)
  eden space 62464K, 0% used [0x00000000f5580000,0x00000000f5580000,0x00000000f9280000)
  from space 12800K, 88% used [0x00000000fa100000,0x00000000fac1a880,0x00000000fad80000)
  to   space 13824K, 0% used [0x00000000f9280000,0x00000000f9280000,0x00000000fa000000)
 ParOldGen       total 175104K, used 11254K [0x00000000e0000000, 0x00000000eab00000, 0x00000000f5580000)
  object space 175104K, 6% used [0x00000000e0000000,0x00000000e0afdaf8,0x00000000eab00000)
 Metaspace       used 34303K, capacity 35084K, committed 35328K, reserved 1079296K
  class space    used 4835K, capacity 5063K, committed 5120K, reserved 1048576K
}
Event: 192.922 GC heap before
{Heap before GC invocations=8 (full 1):
 PSYoungGen      total 75264K, used 20529K [0x00000000f5580000, 0x00000000fad80000, 0x0000000100000000)
  eden space 62464K, 14% used [0x00000000f5580000,0x00000000f5e71de0,0x00000000f9280000)
  from space 12800K, 88% used [0x00000000fa100000,0x00000000fac1a880,0x00000000fad80000)
  to   space 13824K, 0% used [0x00000000f9280000,0x00000000f9280000,0x00000000fa000000)
 ParOldGen       total 175104K, used 11254K [0x00000000e0000000, 0x00000000eab00000, 0x00000000f5580000)
  object space 175104K, 6% used [0x00000000e0000000,0x00000000e0afdaf8,0x00000000eab00000)
 Metaspace       used 34577K, capacity 35336K, committed 35416K, reserved 1079296K
  class space    used 4879K, capacity 5137K, committed 5208K, reserved 1048576K
Event: 192.956 GC heap after
Heap after GC invocations=8 (full 1):
 PSYoungGen      total 71168K, used 9220K [0x00000000f5580000, 0x00000000fab80000, 0x0000000100000000)
  eden space 61440K, 0% used [0x00000000f5580000,0x00000000f5580000,0x00000000f9180000)
  from space 9728K, 94% used [0x00000000f9280000,0x00000000f9b81270,0x00000000f9c00000)
  to   space 13312K, 0% used [0x00000000f9e80000,0x00000000f9e80000,0x00000000fab80000)
 ParOldGen       total 175104K, used 11262K [0x00000000e0000000, 0x00000000eab00000, 0x00000000f5580000)
  object space 175104K, 6% used [0x00000000e0000000,0x00000000e0affaf8,0x00000000eab00000)
 Metaspace       used 34577K, capacity 35336K, committed 35416K, reserved 1079296K
  class space    used 4879K, capacity 5137K, committed 5208K, reserved 1048576K
}
Event: 192.956 GC heap before
{Heap before GC invocations=9 (full 2):
 PSYoungGen      total 71168K, used 9220K [0x00000000f5580000, 0x00000000fab80000, 0x0000000100000000)
  eden space 61440K, 0% used [0x00000000f5580000,0x00000000f5580000,0x00000000f9180000)
  from space 9728K, 94% used [0x00000000f9280000,0x00000000f9b81270,0x00000000f9c00000)
  to   space 13312K, 0% used [0x00000000f9e80000,0x00000000f9e80000,0x00000000fab80000)
 ParOldGen       total 175104K, used 11262K [0x00000000e0000000, 0x00000000eab00000, 0x00000000f5580000)
  object space 175104K, 6% used [0x00000000e0000000,0x00000000e0affaf8,0x00000000eab00000)
 Metaspace       used 34577K, capacity 35336K, committed 35416K, reserved 1079296K
  class space    used 4879K, capacity 5137K, committed 5208K, reserved 1048576K
Event: 193.140 GC heap after
Heap after GC invocations=9 (full 2):
 PSYoungGen      total 71168K, used 0K [0x00000000f5580000, 0x00000000fab80000, 0x0000000100000000)
  eden space 61440K, 0% used [0x00000000f5580000,0x00000000f5580000,0x00000000f9180000)
  from space 9728K, 0% used [0x00000000f9280000,0x00000000f9280000,0x00000000f9c00000)
  to   space 13312K, 0% used [0x00000000f9e80000,0x00000000f9e80000,0x00000000fab80000)
 ParOldGen       total 175104K, used 15772K [0x00000000e0000000, 0x00000000eab00000, 0x00000000f5580000)
  object space 175104K, 9% used [0x00000000e0000000,0x00000000e0f671e8,0x00000000eab00000)
 Metaspace       used 34564K, capacity 35294K, committed 35416K, reserved 1079296K
  class space    used 4875K, capacity 5130K, committed 5208K, reserved 1048576K
}
Event: 204.440 GC heap before
{Heap before GC invocations=10 (full 2):
 PSYoungGen      total 71168K, used 61440K [0x00000000f5580000, 0x00000000fab80000, 0x0000000100000000)
  eden space 61440K, 100% used [0x00000000f5580000,0x00000000f9180000,0x00000000f9180000)
  from space 9728K, 0% used [0x00000000f9280000,0x00000000f9280000,0x00000000f9c00000)
  to   space 13312K, 0% used [0x00000000f9e80000,0x00000000f9e80000,0x00000000fab80000)
 ParOldGen       total 175104K, used 15772K [0x00000000e0000000, 0x00000000eab00000, 0x00000000f5580000)
  object space 175104K, 9% used [0x00000000e0000000,0x00000000e0f671e8,0x00000000eab00000)
 Metaspace       used 41079K, capacity 42172K, committed 42456K, reserved 1085440K
  class space    used 5655K, capacity 6017K, committed 6104K, reserved 1048576K
Event: 204.464 GC heap after
Heap after GC invocations=10 (full 2):
 PSYoungGen      total 72704K, used 8211K [0x00000000f5580000, 0x00000000faa80000, 0x0000000100000000)
  eden space 60416K, 0% used [0x00000000f5580000,0x00000000f5580000,0x00000000f9080000)
  from space 12288K, 66% used [0x00000000f9e80000,0x00000000fa684ff0,0x00000000faa80000)
  to   space 13312K, 0% used [0x00000000f9080000,0x00000000f9080000,0x00000000f9d80000)
 ParOldGen       total 175104K, used 15780K [0x00000000e0000000, 0x00000000eab00000, 0x00000000f5580000)
  object space 175104K, 9% used [0x00000000e0000000,0x00000000e0f691e8,0x00000000eab00000)
 Metaspace       used 41079K, capacity 42172K, committed 42456K, reserved 1085440K
  class space    used 5655K, capacity 6017K, committed 6104K, reserved 1048576K
}
Event: 209.058 GC heap before
{Heap before GC invocations=11 (full 2):
 PSYoungGen      total 72704K, used 68627K [0x00000000f5580000, 0x00000000faa80000, 0x0000000100000000)
  eden space 60416K, 100% used [0x00000000f5580000,0x00000000f9080000,0x00000000f9080000)
  from space 12288K, 66% used [0x00000000f9e80000,0x00000000fa684ff0,0x00000000faa80000)
  to   space 13312K, 0% used [0x00000000f9080000,0x00000000f9080000,0x00000000f9d80000)
 ParOldGen       total 175104K, used 15780K [0x00000000e0000000, 0x00000000eab00000, 0x00000000f5580000)
  object space 175104K, 9% used [0x00000000e0000000,0x00000000e0f691e8,0x00000000eab00000)
 Metaspace       used 45509K, capacity 46652K, committed 46808K, reserved 1089536K
  class space    used 6231K, capacity 6575K, committed 6616K, reserved 1048576K
Event: 209.076 GC heap after
Heap after GC invocations=11 (full 2):
 PSYoungGen      total 73728K, used 11044K [0x00000000f5580000, 0x00000000faa80000, 0x0000000100000000)
  eden space 60416K, 0% used [0x00000000f5580000,0x00000000f5580000,0x00000000f9080000)
  from space 13312K, 82% used [0x00000000f9080000,0x00000000f9b49088,0x00000000f9d80000)
  to   space 13312K, 0% used [0x00000000f9d80000,0x00000000f9d80000,0x00000000faa80000)
 ParOldGen       total 175104K, used 15788K [0x00000000e0000000, 0x00000000eab00000, 0x00000000f5580000)
  object space 175104K, 9% used [0x00000000e0000000,0x00000000e0f6b1e8,0x00000000eab00000)
 Metaspace       used 45509K, capacity 46652K, committed 46808K, reserved 1089536K
  class space    used 6231K, capacity 6575K, committed 6616K, reserved 1048576K
}

