# JRE version: Java(TM) SE Runtime Environment (8.0_121-b13) (build 1.8.0_121-b13)
# Java VM: Java HotSpot(TM) 64-Bit Server VM (25.121-b13 mixed mode windows-amd64 compressed oops)
Heap:
 PSYoungGen      total 104448K, used 53629K [0x00000000f5580000, 0x00000000fcc80000, 0x0000000100000000)
  eden space 91136K, 44% used [0x00000000f5580000,0x00000000f7ce60b8,0x00000000fae80000)
  from space 13312K, 99% used [0x00000000fb080000,0x00000000fbd79358,0x00000000fbd80000)
  to   space 15360K, 0% used [0x00000000fbd80000,0x00000000fbd80000,0x00000000fcc80000)
 ParOldGen       total 175104K, used 17689K [0x00000000e0000000, 0x00000000eab00000, 0x00000000f5580000)
  object space 175104K, 10% used [0x00000000e0000000,0x00000000e1146680,0x00000000eab00000)
 Metaspace       used 51316K, capacity 52860K, committed 53208K, reserved 1095680K
  class space    used 7091K, capacity 7524K, committed 7640K, reserved 1048576K
GC Heap History (10 events):
Event: 42.589 GC heap before
{Heap before GC invocations=7 (full 1):
 PSYoungGen      total 74752K, used 74500K [0x00000000f5580000, 0x00000000fae00000, 0x0000000100000000)
  eden space 64000K, 100% used [0x00000000f5580000,0x00000000f9400000,0x00000000f9400000)
  from space 10752K, 97% used [0x00000000f9580000,0x00000000f9fc12e0,0x00000000fa000000)
  to   space 13312K, 0% used [0x00000000fa100000,0x00000000fa100000,0x00000000fae00000)
 ParOldGen       total 175104K, used 11163K [0x00000000e0000000, 0x00000000eab00000, 0x00000000f5580000)
  object space 175104K, 6% used [0x00000000e0000000,0x00000000e0ae6f88,0x00000000eab00000)
 Metaspace       used 34295K, capacity 35056K, committed 35328K, reserved 1079296K
  class space    used 4835K, capacity 5095K, committed 5120K, reserved 1048576K
Event: 42.620 GC heap after
Heap after GC invocations=7 (full 1):
 PSYoungGen      total 76800K, used 11553K [0x00000000f5580000, 0x00000000fc980000, 0x0000000100000000)
  eden space 63488K, 0% used [0x00000000f5580000,0x00000000f5580000,0x00000000f9380000)
  from space 13312K, 86% used [0x00000000fa100000,0x00000000fac485d0,0x00000000fae00000)
  to   space 13824K, 0% used [0x00000000f9380000,0x00000000f9380000,0x00000000fa100000)
 ParOldGen       total 175104K, used 11171K [0x00000000e0000000, 0x00000000eab00000, 0x00000000f5580000)
  object space 175104K, 6% used [0x00000000e0000000,0x00000000e0ae8f88,0x00000000eab00000)
 Metaspace       used 34295K, capacity 35056K, committed 35328K, reserved 1079296K
  class space    used 4835K, capacity 5095K, committed 5120K, reserved 1048576K
}
Event: 46.061 GC heap before
{Heap before GC invocations=8 (full 1):
 PSYoungGen      total 76800K, used 20324K [0x00000000f5580000, 0x00000000fc980000, 0x0000000100000000)
  eden space 63488K, 13% used [0x00000000f5580000,0x00000000f5e10d98,0x00000000f9380000)
  from space 13312K, 86% used [0x00000000fa100000,0x00000000fac485d0,0x00000000fae00000)
  to   space 13824K, 0% used [0x00000000f9380000,0x00000000f9380000,0x00000000fa100000)
 ParOldGen       total 175104K, used 11171K [0x00000000e0000000, 0x00000000eab00000, 0x00000000f5580000)
  object space 175104K, 6% used [0x00000000e0000000,0x00000000e0ae8f88,0x00000000eab00000)
 Metaspace       used 34554K, capacity 35340K, committed 35416K, reserved 1079296K
  class space    used 4877K, capacity 5137K, committed 5208K, reserved 1048576K
Event: 46.090 GC heap after
Heap after GC invocations=8 (full 1):
 PSYoungGen      total 77312K, used 9136K [0x00000000f5580000, 0x00000000fca80000, 0x0000000100000000)
  eden space 63488K, 0% used [0x00000000f5580000,0x00000000f5580000,0x00000000f9380000)
  from space 13824K, 66% used [0x00000000f9380000,0x00000000f9c6c010,0x00000000fa100000)
  to   space 13312K, 0% used [0x00000000fbd80000,0x00000000fbd80000,0x00000000fca80000)
 ParOldGen       total 175104K, used 11179K [0x00000000e0000000, 0x00000000eab00000, 0x00000000f5580000)
  object space 175104K, 6% used [0x00000000e0000000,0x00000000e0aeaf88,0x00000000eab00000)
 Metaspace       used 34554K, capacity 35340K, committed 35416K, reserved 1079296K
  class space    used 4877K, capacity 5137K, committed 5208K, reserved 1048576K
}
Event: 46.090 GC heap before
{Heap before GC invocations=9 (full 2):
 PSYoungGen      total 77312K, used 9136K [0x00000000f5580000, 0x00000000fca80000, 0x0000000100000000)
  eden space 63488K, 0% used [0x00000000f5580000,0x00000000f5580000,0x00000000f9380000)
  from space 13824K, 66% used [0x00000000f9380000,0x00000000f9c6c010,0x00000000fa100000)
  to   space 13312K, 0% used [0x00000000fbd80000,0x00000000fbd80000,0x00000000fca80000)
 ParOldGen       total 175104K, used 11179K [0x00000000e0000000, 0x00000000eab00000, 0x00000000f5580000)
  object space 175104K, 6% used [0x00000000e0000000,0x00000000e0aeaf88,0x00000000eab00000)
 Metaspace       used 34554K, capacity 35340K, committed 35416K, reserved 1079296K
  class space    used 4877K, capacity 5137K, committed 5208K, reserved 1048576K
Event: 46.215 GC heap after
Heap after GC invocations=9 (full 2):
 PSYoungGen      total 77312K, used 0K [0x00000000f5580000, 0x00000000fca80000, 0x0000000100000000)
  eden space 63488K, 0% used [0x00000000f5580000,0x00000000f5580000,0x00000000f9380000)
  from space 13824K, 0% used [0x00000000f9380000,0x00000000f9380000,0x00000000fa100000)
  to   space 13312K, 0% used [0x00000000fbd80000,0x00000000fbd80000,0x00000000fca80000)
 ParOldGen       total 175104K, used 15623K [0x00000000e0000000, 0x00000000eab00000, 0x00000000f5580000)
  object space 175104K, 8% used [0x00000000e0000000,0x00000000e0f41ea8,0x00000000eab00000)
 Metaspace       used 34541K, capacity 35298K, committed 35416K, reserved 1079296K
  class space    used 4873K, capacity 5130K, committed 5208K, reserved 1048576K
}
Event: 52.909 GC heap before
{Heap before GC invocations=10 (full 2):
 PSYoungGen      total 77312K, used 63488K [0x00000000f5580000, 0x00000000fca80000, 0x0000000100000000)
  eden space 63488K, 100% used [0x00000000f5580000,0x00000000f9380000,0x00000000f9380000)
  from space 13824K, 0% used [0x00000000f9380000,0x00000000f9380000,0x00000000fa100000)
  to   space 13312K, 0% used [0x00000000fbd80000,0x00000000fbd80000,0x00000000fca80000)
 ParOldGen       total 175104K, used 15623K [0x00000000e0000000, 0x00000000eab00000, 0x00000000f5580000)
  object space 175104K, 8% used [0x00000000e0000000,0x00000000e0f41ea8,0x00000000eab00000)
 Metaspace       used 41137K, capacity 42236K, committed 42456K, reserved 1085440K
  class space    used 5665K, capacity 6017K, committed 6104K, reserved 1048576K
Event: 52.921 GC heap after
Heap after GC invocations=10 (full 2):
 PSYoungGen      total 106496K, used 8361K [0x00000000f5580000, 0x00000000fcb00000, 0x0000000100000000)
  eden space 93184K, 0% used [0x00000000f5580000,0x00000000f5580000,0x00000000fb080000)
  from space 13312K, 62% used [0x00000000fbd80000,0x00000000fc5aa488,0x00000000fca80000)
  to   space 13312K, 0% used [0x00000000fb080000,0x00000000fb080000,0x00000000fbd80000)
 ParOldGen       total 175104K, used 15631K [0x00000000e0000000, 0x00000000eab00000, 0x00000000f5580000)
  object space 175104K, 8% used [0x00000000e0000000,0x00000000e0f43ea8,0x00000000eab00000)
 Metaspace       used 41137K, capacity 42236K, committed 42456K, reserved 1085440K
  class space    used 5665K, capacity 6017K, committed 6104K, reserved 1048576K
}
Event: 60.529 GC heap before
{Heap before GC invocations=11 (full 2):
 PSYoungGen      total 106496K, used 101545K [0x00000000f5580000, 0x00000000fcb00000, 0x0000000100000000)
  eden space 93184K, 100% used [0x00000000f5580000,0x00000000fb080000,0x00000000fb080000)
  from space 13312K, 62% used [0x00000000fbd80000,0x00000000fc5aa488,0x00000000fca80000)
  to   space 13312K, 0% used [0x00000000fb080000,0x00000000fb080000,0x00000000fbd80000)
 ParOldGen       total 175104K, used 15631K [0x00000000e0000000, 0x00000000eab00000, 0x00000000f5580000)
  object space 175104K, 8% used [0x00000000e0000000,0x00000000e0f43ea8,0x00000000eab00000)
 Metaspace       used 48694K, capacity 50250K, committed 50392K, reserved 1093632K
  class space    used 6714K, capacity 7125K, committed 7128K, reserved 1048576K
Event: 60.546 GC heap after
Heap after GC invocations=11 (full 2):
 PSYoungGen      total 104448K, used 13284K [0x00000000f5580000, 0x00000000fcc80000, 0x0000000100000000)
  eden space 91136K, 0% used [0x00000000f5580000,0x00000000f5580000,0x00000000fae80000)
  from space 13312K, 99% used [0x00000000fb080000,0x00000000fbd79358,0x00000000fbd80000)
  to   space 15360K, 0% used [0x00000000fbd80000,0x00000000fbd80000,0x00000000fcc80000)
 ParOldGen       total 175104K, used 17689K [0x00000000e0000000, 0x00000000eab00000, 0x00000000f5580000)
  object space 175104K, 10% used [0x00000000e0000000,0x00000000e1146680,0x00000000eab00000)
 Metaspace       used 48694K, capacity 50250K, committed 50392K, reserved 1093632K
  class space    used 6714K, capacity 7125K, committed 7128K, reserved 1048576K
}

