# JRE version: Java(TM) SE Runtime Environment (8.0_121-b13) (build 1.8.0_121-b13)
# Java VM: Java HotSpot(TM) 64-Bit Server VM (25.121-b13 mixed mode windows-amd64 compressed oops)
Heap:
 PSYoungGen      total 120320K, used 60594K [0x00000000f5580000, 0x00000000fe680000, 0x0000000100000000)
  eden space 104960K, 57% used [0x00000000f5580000,0x00000000f90aca10,0x00000000fbc00000)
  from space 15360K, 0% used [0x00000000fce00000,0x00000000fce00000,0x00000000fdd00000)
  to   space 18432K, 0% used [0x00000000fbc00000,0x00000000fbc00000,0x00000000fce00000)
 ParOldGen       total 308224K, used 33761K [0x00000000e0000000, 0x00000000f2d00000, 0x00000000f5580000)
  object space 308224K, 10% used [0x00000000e0000000,0x00000000e20f8528,0x00000000f2d00000)
 Metaspace       used 59552K, capacity 61576K, committed 61824K, reserved 1103872K
  class space    used 8221K, capacity 8779K, committed 8832K, reserved 1048576K
GC Heap History (10 events):
Event: 85.285 GC heap before
{Heap before GC invocations=9 (full 2):
 PSYoungGen      total 90112K, used 9043K [0x00000000f5580000, 0x00000000fc980000, 0x0000000100000000)
  eden space 76288K, 0% used [0x00000000f5580000,0x00000000f5580000,0x00000000fa000000)
  from space 13824K, 65% used [0x00000000fa000000,0x00000000fa8d4f68,0x00000000fad80000)
  to   space 13312K, 0% used [0x00000000fbc80000,0x00000000fbc80000,0x00000000fc980000)
 ParOldGen       total 175104K, used 11280K [0x00000000e0000000, 0x00000000eab00000, 0x00000000f5580000)
  object space 175104K, 6% used [0x00000000e0000000,0x00000000e0b043a8,0x00000000eab00000)
 Metaspace       used 34546K, capacity 35362K, committed 35416K, reserved 1079296K
  class space    used 4883K, capacity 5113K, committed 5120K, reserved 1048576K
Event: 85.473 GC heap after
Heap after GC invocations=9 (full 2):
 PSYoungGen      total 90112K, used 0K [0x00000000f5580000, 0x00000000fc980000, 0x0000000100000000)
  eden space 76288K, 0% used [0x00000000f5580000,0x00000000f5580000,0x00000000fa000000)
  from space 13824K, 0% used [0x00000000fa000000,0x00000000fa000000,0x00000000fad80000)
  to   space 13312K, 0% used [0x00000000fbc80000,0x00000000fbc80000,0x00000000fc980000)
 ParOldGen       total 211456K, used 15624K [0x00000000e0000000, 0x00000000ece80000, 0x00000000f5580000)
  object space 211456K, 7% used [0x00000000e0000000,0x00000000e0f42028,0x00000000ece80000)
 Metaspace       used 34530K, capacity 35308K, committed 35416K, reserved 1079296K
  class space    used 4878K, capacity 5104K, committed 5120K, reserved 1048576K
}
Event: 98.067 GC heap before
{Heap before GC invocations=10 (full 2):
 PSYoungGen      total 90112K, used 76288K [0x00000000f5580000, 0x00000000fc980000, 0x0000000100000000)
  eden space 76288K, 100% used [0x00000000f5580000,0x00000000fa000000,0x00000000fa000000)
  from space 13824K, 0% used [0x00000000fa000000,0x00000000fa000000,0x00000000fad80000)
  to   space 13312K, 0% used [0x00000000fbc80000,0x00000000fbc80000,0x00000000fc980000)
 ParOldGen       total 211456K, used 15624K [0x00000000e0000000, 0x00000000ece80000, 0x00000000f5580000)
  object space 211456K, 7% used [0x00000000e0000000,0x00000000e0f42028,0x00000000ece80000)
 Metaspace       used 42456K, capacity 43650K, committed 43776K, reserved 1087488K
  class space    used 5894K, capacity 6285K, committed 6400K, reserved 1048576K
Event: 98.090 GC heap after
Heap after GC invocations=10 (full 2):
 PSYoungGen      total 105472K, used 10111K [0x00000000f5580000, 0x00000000fce80000, 0x0000000100000000)
  eden space 92160K, 0% used [0x00000000f5580000,0x00000000f5580000,0x00000000faf80000)
  from space 13312K, 75% used [0x00000000fbc80000,0x00000000fc65fed8,0x00000000fc980000)
  to   space 13312K, 0% used [0x00000000faf80000,0x00000000faf80000,0x00000000fbc80000)
 ParOldGen       total 211456K, used 15632K [0x00000000e0000000, 0x00000000ece80000, 0x00000000f5580000)
  object space 211456K, 7% used [0x00000000e0000000,0x00000000e0f44028,0x00000000ece80000)
 Metaspace       used 42456K, capacity 43650K, committed 43776K, reserved 1087488K
  class space    used 5894K, capacity 6285K, committed 6400K, reserved 1048576K
}
Event: 107.569 GC heap before
{Heap before GC invocations=11 (full 2):
 PSYoungGen      total 105472K, used 102271K [0x00000000f5580000, 0x00000000fce80000, 0x0000000100000000)
  eden space 92160K, 100% used [0x00000000f5580000,0x00000000faf80000,0x00000000faf80000)
  from space 13312K, 75% used [0x00000000fbc80000,0x00000000fc65fed8,0x00000000fc980000)
  to   space 13312K, 0% used [0x00000000faf80000,0x00000000faf80000,0x00000000fbc80000)
 ParOldGen       total 211456K, used 15632K [0x00000000e0000000, 0x00000000ece80000, 0x00000000f5580000)
  object space 211456K, 7% used [0x00000000e0000000,0x00000000e0f44028,0x00000000ece80000)
 Metaspace       used 51097K, capacity 52518K, committed 52864K, reserved 1095680K
  class space    used 7045K, capacity 7438K, committed 7552K, reserved 1048576K
Event: 107.607 GC heap after
Heap after GC invocations=11 (full 2):
 PSYoungGen      total 105472K, used 13310K [0x00000000f5580000, 0x00000000fdd00000, 0x0000000100000000)
  eden space 92160K, 0% used [0x00000000f5580000,0x00000000f5580000,0x00000000faf80000)
  from space 13312K, 99% used [0x00000000faf80000,0x00000000fbc7fae0,0x00000000fbc80000)
  to   space 15360K, 0% used [0x00000000fce00000,0x00000000fce00000,0x00000000fdd00000)
 ParOldGen       total 211456K, used 18215K [0x00000000e0000000, 0x00000000ece80000, 0x00000000f5580000)
  object space 211456K, 8% used [0x00000000e0000000,0x00000000e11c9e38,0x00000000ece80000)
 Metaspace       used 51097K, capacity 52518K, committed 52864K, reserved 1095680K
  class space    used 7045K, capacity 7438K, committed 7552K, reserved 1048576K
}
Event: 113.030 GC heap before
{Heap before GC invocations=12 (full 2):
 PSYoungGen      total 105472K, used 99968K [0x00000000f5580000, 0x00000000fdd00000, 0x0000000100000000)
  eden space 92160K, 94% used [0x00000000f5580000,0x00000000faa207f0,0x00000000faf80000)
  from space 13312K, 99% used [0x00000000faf80000,0x00000000fbc7fae0,0x00000000fbc80000)
  to   space 15360K, 0% used [0x00000000fce00000,0x00000000fce00000,0x00000000fdd00000)
 ParOldGen       total 211456K, used 18215K [0x00000000e0000000, 0x00000000ece80000, 0x00000000f5580000)
  object space 211456K, 8% used [0x00000000e0000000,0x00000000e11c9e38,0x00000000ece80000)
 Metaspace       used 57111K, capacity 58758K, committed 59008K, reserved 1099776K
  class space    used 7866K, capacity 8312K, committed 8320K, reserved 1048576K
Event: 113.078 GC heap after
Heap after GC invocations=12 (full 2):
 PSYoungGen      total 120320K, used 15353K [0x00000000f5580000, 0x00000000fe680000, 0x0000000100000000)
  eden space 104960K, 0% used [0x00000000f5580000,0x00000000f5580000,0x00000000fbc00000)
  from space 15360K, 99% used [0x00000000fce00000,0x00000000fdcfe508,0x00000000fdd00000)
  to   space 18432K, 0% used [0x00000000fbc00000,0x00000000fbc00000,0x00000000fce00000)
 ParOldGen       total 211456K, used 21739K [0x00000000e0000000, 0x00000000ece80000, 0x00000000f5580000)
  object space 211456K, 10% used [0x00000000e0000000,0x00000000e153ae00,0x00000000ece80000)
 Metaspace       used 57111K, capacity 58758K, committed 59008K, reserved 1099776K
  class space    used 7866K, capacity 8312K, committed 8320K, reserved 1048576K
}
Event: 113.078 GC heap before
{Heap before GC invocations=13 (full 3):
 PSYoungGen      total 120320K, used 15353K [0x00000000f5580000, 0x00000000fe680000, 0x0000000100000000)
  eden space 104960K, 0% used [0x00000000f5580000,0x00000000f5580000,0x00000000fbc00000)
  from space 15360K, 99% used [0x00000000fce00000,0x00000000fdcfe508,0x00000000fdd00000)
  to   space 18432K, 0% used [0x00000000fbc00000,0x00000000fbc00000,0x00000000fce00000)
 ParOldGen       total 211456K, used 21739K [0x00000000e0000000, 0x00000000ece80000, 0x00000000f5580000)
  object space 211456K, 10% used [0x00000000e0000000,0x00000000e153ae00,0x00000000ece80000)
 Metaspace       used 57111K, capacity 58758K, committed 59008K, reserved 1099776K
  class space    used 7866K, capacity 8312K, committed 8320K, reserved 1048576K
Event: 113.310 GC heap after
Heap after GC invocations=13 (full 3):
 PSYoungGen      total 120320K, used 0K [0x00000000f5580000, 0x00000000fe680000, 0x0000000100000000)
  eden space 104960K, 0% used [0x00000000f5580000,0x00000000f5580000,0x00000000fbc00000)
  from space 15360K, 0% used [0x00000000fce00000,0x00000000fce00000,0x00000000fdd00000)
  to   space 18432K, 0% used [0x00000000fbc00000,0x00000000fbc00000,0x00000000fce00000)
 ParOldGen       total 308224K, used 33761K [0x00000000e0000000, 0x00000000f2d00000, 0x00000000f5580000)
  object space 308224K, 10% used [0x00000000e0000000,0x00000000e20f8528,0x00000000f2d00000)
 Metaspace       used 57111K, capacity 58758K, committed 59008K, reserved 1099776K
  class space    used 7866K, capacity 8312K, committed 8320K, reserved 1048576K
}

