# JRE version: Java(TM) SE Runtime Environment (8.0_121-b13) (build 1.8.0_121-b13)
# Java VM: Java HotSpot(TM) 64-Bit Server VM (25.121-b13 mixed mode windows-amd64 compressed oops)
Heap:
 PSYoungGen      total 93696K, used 61068K [0x00000000f5580000, 0x00000000fdf80000, 0x0000000100000000)
  eden space 75264K, 56% used [0x00000000f5580000,0x00000000f7f26b80,0x00000000f9f00000)
  from space 18432K, 99% used [0x00000000f9f00000,0x00000000fb0fc5c0,0x00000000fb100000)
  to   space 20480K, 0% used [0x00000000fcb80000,0x00000000fcb80000,0x00000000fdf80000)
 ParOldGen       total 175104K, used 32393K [0x00000000e0000000, 0x00000000eab00000, 0x00000000f5580000)
  object space 175104K, 18% used [0x00000000e0000000,0x00000000e1fa2598,0x00000000eab00000)
 Metaspace       used 67070K, capacity 70062K, committed 70144K, reserved 1110016K
  class space    used 9189K, capacity 9982K, committed 9984K, reserved 1048576K
GC Heap History (10 events):
Event: 93.476 GC heap before
{Heap before GC invocations=14 (full 2):
 PSYoungGen      total 72704K, used 48468K [0x00000000f5580000, 0x00000000faf00000, 0x0000000100000000)
  eden space 57856K, 58% used [0x00000000f5580000,0x00000000f7656320,0x00000000f8e00000)
  from space 14848K, 99% used [0x00000000f8f00000,0x00000000f9d7f0c0,0x00000000f9d80000)
  to   space 16896K, 0% used [0x00000000f9e80000,0x00000000f9e80000,0x00000000faf00000)
 ParOldGen       total 175104K, used 19207K [0x00000000e0000000, 0x00000000eab00000, 0x00000000f5580000)
  object space 175104K, 10% used [0x00000000e0000000,0x00000000e12c1c78,0x00000000eab00000)
 Metaspace       used 57324K, capacity 58940K, committed 59008K, reserved 1099776K
  class space    used 7887K, capacity 8313K, committed 8320K, reserved 1048576K
Event: 93.510 GC heap after
Heap after GC invocations=14 (full 2):
 PSYoungGen      total 73216K, used 16867K [0x00000000f5580000, 0x00000000fcb00000, 0x0000000100000000)
  eden space 56320K, 0% used [0x00000000f5580000,0x00000000f5580000,0x00000000f8c80000)
  from space 16896K, 99% used [0x00000000f9e80000,0x00000000faef8ef0,0x00000000faf00000)
  to   space 18432K, 0% used [0x00000000f8c80000,0x00000000f8c80000,0x00000000f9e80000)
 ParOldGen       total 175104K, used 19266K [0x00000000e0000000, 0x00000000eab00000, 0x00000000f5580000)
  object space 175104K, 11% used [0x00000000e0000000,0x00000000e12d0800,0x00000000eab00000)
 Metaspace       used 57324K, capacity 58940K, committed 59008K, reserved 1099776K
  class space    used 7887K, capacity 8313K, committed 8320K, reserved 1048576K
}
Event: 93.510 GC heap before
{Heap before GC invocations=15 (full 3):
 PSYoungGen      total 73216K, used 16867K [0x00000000f5580000, 0x00000000fcb00000, 0x0000000100000000)
  eden space 56320K, 0% used [0x00000000f5580000,0x00000000f5580000,0x00000000f8c80000)
  from space 16896K, 99% used [0x00000000f9e80000,0x00000000faef8ef0,0x00000000faf00000)
  to   space 18432K, 0% used [0x00000000f8c80000,0x00000000f8c80000,0x00000000f9e80000)
 ParOldGen       total 175104K, used 19266K [0x00000000e0000000, 0x00000000eab00000, 0x00000000f5580000)
  object space 175104K, 11% used [0x00000000e0000000,0x00000000e12d0800,0x00000000eab00000)
 Metaspace       used 57324K, capacity 58940K, committed 59008K, reserved 1099776K
  class space    used 7887K, capacity 8313K, committed 8320K, reserved 1048576K
Event: 93.780 GC heap after
Heap after GC invocations=15 (full 3):
 PSYoungGen      total 73216K, used 0K [0x00000000f5580000, 0x00000000fcb00000, 0x0000000100000000)
  eden space 56320K, 0% used [0x00000000f5580000,0x00000000f5580000,0x00000000f8c80000)
  from space 16896K, 0% used [0x00000000f9e80000,0x00000000f9e80000,0x00000000faf00000)
  to   space 18432K, 0% used [0x00000000f8c80000,0x00000000f8c80000,0x00000000f9e80000)
 ParOldGen       total 175104K, used 32313K [0x00000000e0000000, 0x00000000eab00000, 0x00000000f5580000)
  object space 175104K, 18% used [0x00000000e0000000,0x00000000e1f8e410,0x00000000eab00000)
 Metaspace       used 57324K, capacity 58940K, committed 59008K, reserved 1099776K
  class space    used 7887K, capacity 8313K, committed 8320K, reserved 1048576K
}
Event: 96.140 GC heap before
{Heap before GC invocations=16 (full 3):
 PSYoungGen      total 73216K, used 56320K [0x00000000f5580000, 0x00000000fcb00000, 0x0000000100000000)
  eden space 56320K, 100% used [0x00000000f5580000,0x00000000f8c80000,0x00000000f8c80000)
  from space 16896K, 0% used [0x00000000f9e80000,0x00000000f9e80000,0x00000000faf00000)
  to   space 18432K, 0% used [0x00000000f8c80000,0x00000000f8c80000,0x00000000f9e80000)
 ParOldGen       total 175104K, used 32313K [0x00000000e0000000, 0x00000000eab00000, 0x00000000f5580000)
  object space 175104K, 18% used [0x00000000e0000000,0x00000000e1f8e410,0x00000000eab00000)
 Metaspace       used 60132K, capacity 62118K, committed 62208K, reserved 1101824K
  class space    used 8349K, capacity 8884K, committed 8960K, reserved 1048576K
Event: 96.149 GC heap after
Heap after GC invocations=16 (full 3):
 PSYoungGen      total 74752K, used 6064K [0x00000000f5580000, 0x00000000fc500000, 0x0000000100000000)
  eden space 56320K, 0% used [0x00000000f5580000,0x00000000f5580000,0x00000000f8c80000)
  from space 18432K, 32% used [0x00000000f8c80000,0x00000000f926c220,0x00000000f9e80000)
  to   space 18944K, 0% used [0x00000000fb280000,0x00000000fb280000,0x00000000fc500000)
 ParOldGen       total 175104K, used 32321K [0x00000000e0000000, 0x00000000eab00000, 0x00000000f5580000)
  object space 175104K, 18% used [0x00000000e0000000,0x00000000e1f90410,0x00000000eab00000)
 Metaspace       used 60132K, capacity 62118K, committed 62208K, reserved 1101824K
  class space    used 8349K, capacity 8884K, committed 8960K, reserved 1048576K
}
Event: 102.837 GC heap before
{Heap before GC invocations=17 (full 3):
 PSYoungGen      total 74752K, used 62384K [0x00000000f5580000, 0x00000000fc500000, 0x0000000100000000)
  eden space 56320K, 100% used [0x00000000f5580000,0x00000000f8c80000,0x00000000f8c80000)
  from space 18432K, 32% used [0x00000000f8c80000,0x00000000f926c220,0x00000000f9e80000)
  to   space 18944K, 0% used [0x00000000fb280000,0x00000000fb280000,0x00000000fc500000)
 ParOldGen       total 175104K, used 32321K [0x00000000e0000000, 0x00000000eab00000, 0x00000000f5580000)
  object space 175104K, 18% used [0x00000000e0000000,0x00000000e1f90410,0x00000000eab00000)
 Metaspace       used 64109K, capacity 66338K, committed 66560K, reserved 1105920K
  class space    used 8768K, capacity 9346K, committed 9472K, reserved 1048576K
Event: 102.856 GC heap after
Heap after GC invocations=17 (full 3):
 PSYoungGen      total 92160K, used 11762K [0x00000000f5580000, 0x00000000fc300000, 0x0000000100000000)
  eden space 75264K, 0% used [0x00000000f5580000,0x00000000f5580000,0x00000000f9f00000)
  from space 16896K, 69% used [0x00000000fb280000,0x00000000fbdfcbd8,0x00000000fc300000)
  to   space 18432K, 0% used [0x00000000f9f00000,0x00000000f9f00000,0x00000000fb100000)
 ParOldGen       total 175104K, used 32329K [0x00000000e0000000, 0x00000000eab00000, 0x00000000f5580000)
  object space 175104K, 18% used [0x00000000e0000000,0x00000000e1f92410,0x00000000eab00000)
 Metaspace       used 64109K, capacity 66338K, committed 66560K, reserved 1105920K
  class space    used 8768K, capacity 9346K, committed 9472K, reserved 1048576K
}
Event: 108.384 GC heap before
{Heap before GC invocations=18 (full 3):
 PSYoungGen      total 92160K, used 87026K [0x00000000f5580000, 0x00000000fc300000, 0x0000000100000000)
  eden space 75264K, 100% used [0x00000000f5580000,0x00000000f9f00000,0x00000000f9f00000)
  from space 16896K, 69% used [0x00000000fb280000,0x00000000fbdfcbd8,0x00000000fc300000)
  to   space 18432K, 0% used [0x00000000f9f00000,0x00000000f9f00000,0x00000000fb100000)
 ParOldGen       total 175104K, used 32329K [0x00000000e0000000, 0x00000000eab00000, 0x00000000f5580000)
  object space 175104K, 18% used [0x00000000e0000000,0x00000000e1f92410,0x00000000eab00000)
 Metaspace       used 66045K, capacity 68672K, committed 68992K, reserved 1107968K
  class space    used 9041K, capacity 9738K, committed 9856K, reserved 1048576K
Event: 108.423 GC heap after
Heap after GC invocations=18 (full 3):
 PSYoungGen      total 93696K, used 18417K [0x00000000f5580000, 0x00000000fdf80000, 0x0000000100000000)
  eden space 75264K, 0% used [0x00000000f5580000,0x00000000f5580000,0x00000000f9f00000)
  from space 18432K, 99% used [0x00000000f9f00000,0x00000000fb0fc5c0,0x00000000fb100000)
  to   space 20480K, 0% used [0x00000000fcb80000,0x00000000fcb80000,0x00000000fdf80000)
 ParOldGen       total 175104K, used 32393K [0x00000000e0000000, 0x00000000eab00000, 0x00000000f5580000)
  object space 175104K, 18% used [0x00000000e0000000,0x00000000e1fa2598,0x00000000eab00000)
 Metaspace       used 66045K, capacity 68672K, committed 68992K, reserved 1107968K
  class space    used 9041K, capacity 9738K, committed 9856K, reserved 1048576K
}

