# JRE version: Java(TM) SE Runtime Environment (8.0_121-b13) (build 1.8.0_121-b13)
# Java VM: Java HotSpot(TM) 64-Bit Server VM (25.121-b13 mixed mode windows-amd64 compressed oops)
Heap:
 PSYoungGen      total 144896K, used 87191K [0x00000000f5580000, 0x0000000100000000, 0x0000000100000000)
  eden space 117760K, 56% used [0x00000000f5580000,0x00000000f970c8d8,0x00000000fc880000)
  from space 27136K, 73% used [0x00000000fc880000,0x00000000fdc193f0,0x00000000fe300000)
  to   space 29184K, 0% used [0x00000000fe380000,0x00000000fe380000,0x0000000100000000)
 ParOldGen       total 349696K, used 171356K [0x00000000e0000000, 0x00000000f5580000, 0x00000000f5580000)
  object space 349696K, 49% used [0x00000000e0000000,0x00000000ea757208,0x00000000f5580000)
 Metaspace       used 107751K, capacity 113632K, committed 113880K, reserved 1148928K
  class space    used 13487K, capacity 14748K, committed 14808K, reserved 1048576K
GC Heap History (10 events):
Event: 2989.492 GC heap before
{Heap before GC invocations=110 (full 5):
 PSYoungGen      total 141312K, used 120496K [0x00000000f5580000, 0x00000000ffc00000, 0x0000000100000000)
  eden space 113152K, 100% used [0x00000000f5580000,0x00000000fc400000,0x00000000fc400000)
  from space 28160K, 26% used [0x00000000fe080000,0x00000000fe7ac030,0x00000000ffc00000)
  to   space 28672K, 0% used [0x00000000fc400000,0x00000000fc400000,0x00000000fe000000)
 ParOldGen       total 349696K, used 163755K [0x00000000e0000000, 0x00000000f5580000, 0x00000000f5580000)
  object space 349696K, 46% used [0x00000000e0000000,0x00000000e9fead80,0x00000000f5580000)
 Metaspace       used 107561K, capacity 113398K, committed 113624K, reserved 1148928K
  class space    used 13479K, capacity 14741K, committed 14808K, reserved 1048576K
Event: 2992.968 GC heap after
Heap after GC invocations=110 (full 5):
 PSYoungGen      total 141824K, used 15887K [0x00000000f5580000, 0x0000000100000000, 0x0000000100000000)
  eden space 113152K, 0% used [0x00000000f5580000,0x00000000f5580000,0x00000000fc400000)
  from space 28672K, 55% used [0x00000000fc400000,0x00000000fd383d88,0x00000000fe000000)
  to   space 29184K, 0% used [0x00000000fe380000,0x00000000fe380000,0x0000000100000000)
 ParOldGen       total 349696K, used 164938K [0x00000000e0000000, 0x00000000f5580000, 0x00000000f5580000)
  object space 349696K, 47% used [0x00000000e0000000,0x00000000ea112ab8,0x00000000f5580000)
 Metaspace       used 107561K, capacity 113398K, committed 113624K, reserved 1148928K
  class space    used 13479K, capacity 14741K, committed 14808K, reserved 1048576K
}
Event: 3043.023 GC heap before
{Heap before GC invocations=111 (full 5):
 PSYoungGen      total 141824K, used 129039K [0x00000000f5580000, 0x0000000100000000, 0x0000000100000000)
  eden space 113152K, 100% used [0x00000000f5580000,0x00000000fc400000,0x00000000fc400000)
  from space 28672K, 55% used [0x00000000fc400000,0x00000000fd383d88,0x00000000fe000000)
  to   space 29184K, 0% used [0x00000000fe380000,0x00000000fe380000,0x0000000100000000)
 ParOldGen       total 349696K, used 164938K [0x00000000e0000000, 0x00000000f5580000, 0x00000000f5580000)
  object space 349696K, 47% used [0x00000000e0000000,0x00000000ea112ab8,0x00000000f5580000)
 Metaspace       used 107606K, capacity 113462K, committed 113624K, reserved 1148928K
  class space    used 13479K, capacity 14741K, committed 14808K, reserved 1048576K
Event: 3043.465 GC heap after
Heap after GC invocations=111 (full 5):
 PSYoungGen      total 145408K, used 1632K [0x00000000f5580000, 0x00000000fff80000, 0x0000000100000000)
  eden space 116736K, 0% used [0x00000000f5580000,0x00000000f5580000,0x00000000fc780000)
  from space 28672K, 5% used [0x00000000fe380000,0x00000000fe518040,0x00000000fff80000)
  to   space 28672K, 0% used [0x00000000fc780000,0x00000000fc780000,0x00000000fe380000)
 ParOldGen       total 349696K, used 166545K [0x00000000e0000000, 0x00000000f5580000, 0x00000000f5580000)
  object space 349696K, 47% used [0x00000000e0000000,0x00000000ea2a47e0,0x00000000f5580000)
 Metaspace       used 107606K, capacity 113462K, committed 113624K, reserved 1148928K
  class space    used 13479K, capacity 14741K, committed 14808K, reserved 1048576K
}
Event: 3110.605 GC heap before
{Heap before GC invocations=112 (full 5):
 PSYoungGen      total 145408K, used 117647K [0x00000000f5580000, 0x00000000fff80000, 0x0000000100000000)
  eden space 116736K, 99% used [0x00000000f5580000,0x00000000fc6cbf98,0x00000000fc780000)
  from space 28672K, 5% used [0x00000000fe380000,0x00000000fe518040,0x00000000fff80000)
  to   space 28672K, 0% used [0x00000000fc780000,0x00000000fc780000,0x00000000fe380000)
 ParOldGen       total 349696K, used 166545K [0x00000000e0000000, 0x00000000f5580000, 0x00000000f5580000)
  object space 349696K, 47% used [0x00000000e0000000,0x00000000ea2a47e0,0x00000000f5580000)
 Metaspace       used 107634K, capacity 113462K, committed 113624K, reserved 1148928K
  class space    used 13479K, capacity 14741K, committed 14808K, reserved 1048576K
Event: 3110.833 GC heap after
Heap after GC invocations=112 (full 5):
 PSYoungGen      total 145408K, used 13999K [0x00000000f5580000, 0x00000000fff00000, 0x0000000100000000)
  eden space 116736K, 0% used [0x00000000f5580000,0x00000000f5580000,0x00000000fc780000)
  from space 28672K, 48% used [0x00000000fc780000,0x00000000fd52bd80,0x00000000fe380000)
  to   space 28160K, 0% used [0x00000000fe380000,0x00000000fe380000,0x00000000fff00000)
 ParOldGen       total 349696K, used 167232K [0x00000000e0000000, 0x00000000f5580000, 0x00000000f5580000)
  object space 349696K, 47% used [0x00000000e0000000,0x00000000ea350370,0x00000000f5580000)
 Metaspace       used 107634K, capacity 113462K, committed 113624K, reserved 1148928K
  class space    used 13479K, capacity 14741K, committed 14808K, reserved 1048576K
}
Event: 3134.171 GC heap before
{Heap before GC invocations=113 (full 5):
 PSYoungGen      total 145408K, used 130735K [0x00000000f5580000, 0x00000000fff00000, 0x0000000100000000)
  eden space 116736K, 100% used [0x00000000f5580000,0x00000000fc780000,0x00000000fc780000)
  from space 28672K, 48% used [0x00000000fc780000,0x00000000fd52bd80,0x00000000fe380000)
  to   space 28160K, 0% used [0x00000000fe380000,0x00000000fe380000,0x00000000fff00000)
 ParOldGen       total 349696K, used 167232K [0x00000000e0000000, 0x00000000f5580000, 0x00000000f5580000)
  object space 349696K, 47% used [0x00000000e0000000,0x00000000ea350370,0x00000000f5580000)
 Metaspace       used 107744K, capacity 113632K, committed 113880K, reserved 1148928K
  class space    used 13487K, capacity 14748K, committed 14808K, reserved 1048576K
Event: 3134.305 GC heap after
Heap after GC invocations=113 (full 5):
 PSYoungGen      total 144384K, used 6984K [0x00000000f5580000, 0x00000000ffd80000, 0x0000000100000000)
  eden space 117760K, 0% used [0x00000000f5580000,0x00000000f5580000,0x00000000fc880000)
  from space 26624K, 26% used [0x00000000fe380000,0x00000000fea52220,0x00000000ffd80000)
  to   space 27136K, 0% used [0x00000000fc880000,0x00000000fc880000,0x00000000fe300000)
 ParOldGen       total 349696K, used 167604K [0x00000000e0000000, 0x00000000f5580000, 0x00000000f5580000)
  object space 349696K, 47% used [0x00000000e0000000,0x00000000ea3ad3a8,0x00000000f5580000)
 Metaspace       used 107744K, capacity 113632K, committed 113880K, reserved 1148928K
  class space    used 13487K, capacity 14748K, committed 14808K, reserved 1048576K
}
Event: 3135.779 GC heap before
{Heap before GC invocations=114 (full 5):
 PSYoungGen      total 144384K, used 124744K [0x00000000f5580000, 0x00000000ffd80000, 0x0000000100000000)
  eden space 117760K, 100% used [0x00000000f5580000,0x00000000fc880000,0x00000000fc880000)
  from space 26624K, 26% used [0x00000000fe380000,0x00000000fea52220,0x00000000ffd80000)
  to   space 27136K, 0% used [0x00000000fc880000,0x00000000fc880000,0x00000000fe300000)
 ParOldGen       total 349696K, used 167604K [0x00000000e0000000, 0x00000000f5580000, 0x00000000f5580000)
  object space 349696K, 47% used [0x00000000e0000000,0x00000000ea3ad3a8,0x00000000f5580000)
 Metaspace       used 107748K, capacity 113632K, committed 113880K, reserved 1148928K
  class space    used 13487K, capacity 14748K, committed 14808K, reserved 1048576K
Event: 3136.905 GC heap after
Heap after GC invocations=114 (full 5):
 PSYoungGen      total 144896K, used 20068K [0x00000000f5580000, 0x0000000100000000, 0x0000000100000000)
  eden space 117760K, 0% used [0x00000000f5580000,0x00000000f5580000,0x00000000fc880000)
  from space 27136K, 73% used [0x00000000fc880000,0x00000000fdc193f0,0x00000000fe300000)
  to   space 29184K, 0% used [0x00000000fe380000,0x00000000fe380000,0x0000000100000000)
 ParOldGen       total 349696K, used 171356K [0x00000000e0000000, 0x00000000f5580000, 0x00000000f5580000)
  object space 349696K, 49% used [0x00000000e0000000,0x00000000ea757208,0x00000000f5580000)
 Metaspace       used 107748K, capacity 113632K, committed 113880K, reserved 1148928K
  class space    used 13487K, capacity 14748K, committed 14808K, reserved 1048576K
}

